ERROR - 2022-01-04 12:44:24 --> Error connecting to the database: Nie można nawiązać połączenia, ponieważ komputer docelowy aktywnie go odmawia
CRITICAL - 2022-01-04 12:44:24 --> Unable to connect to the database.
Main connection [MySQLi]: Nie można nawiązać połączenia, ponieważ komputer docelowy aktywnie go odmawia
#0 C:\xampp\htdocs\ci4\system\Database\BaseConnection.php(577): CodeIgniter\Database\BaseConnection->initialize()
#1 C:\xampp\htdocs\ci4\system\Database\BaseBuilder.php(1443): CodeIgniter\Database\BaseConnection->query('SELECT 1\nFROM `...', Array, false)
#2 C:\xampp\htdocs\ci4\system\Validation\Rules.php(116): CodeIgniter\Database\BaseBuilder->get()
#3 C:\xampp\htdocs\ci4\system\Validation\Validation.php(277): CodeIgniter\Validation\Rules->is_not_unique('kamil ', 'username', Array, NULL)
#4 C:\xampp\htdocs\ci4\system\Validation\Validation.php(151): CodeIgniter\Validation\Validation->processRules('username', 'username', 'kamil ', Array, Array)
#5 C:\xampp\htdocs\ci4\system\Controller.php(160): CodeIgniter\Validation\Validation->run()
#6 C:\xampp\htdocs\ci4\app\Controllers\Auth.php(78): CodeIgniter\Controller->validate(Array)
#7 C:\xampp\htdocs\ci4\system\CodeIgniter.php(824): App\Controllers\Auth->check()
#8 C:\xampp\htdocs\ci4\system\CodeIgniter.php(410): CodeIgniter\CodeIgniter->runController(Object(App\Controllers\Auth))
#9 C:\xampp\htdocs\ci4\system\CodeIgniter.php(318): CodeIgniter\CodeIgniter->handleRequest(NULL, Object(Config\Cache), false)
#10 C:\xampp\htdocs\ci4\public\index.php(37): CodeIgniter\CodeIgniter->run()
#11 C:\xampp\htdocs\ci4\system\Commands\Server\rewrite.php(43): require_once('C:\\xampp\\htdocs...')
#12 {main}
ERROR - 2022-01-04 12:44:36 --> Error connecting to the database: Nie można nawiązać połączenia, ponieważ komputer docelowy aktywnie go odmawia
CRITICAL - 2022-01-04 12:44:36 --> Unable to connect to the database.
Main connection [MySQLi]: Nie można nawiązać połączenia, ponieważ komputer docelowy aktywnie go odmawia
#0 C:\xampp\htdocs\ci4\system\Database\BaseConnection.php(577): CodeIgniter\Database\BaseConnection->initialize()
#1 C:\xampp\htdocs\ci4\system\Database\BaseBuilder.php(1443): CodeIgniter\Database\BaseConnection->query('SELECT 1\nFROM `...', Array, false)
#2 C:\xampp\htdocs\ci4\system\Validation\Rules.php(116): CodeIgniter\Database\BaseBuilder->get()
#3 C:\xampp\htdocs\ci4\system\Validation\Validation.php(277): CodeIgniter\Validation\Rules->is_not_unique('kamil', 'username', Array, NULL)
#4 C:\xampp\htdocs\ci4\system\Validation\Validation.php(151): CodeIgniter\Validation\Validation->processRules('username', 'username', 'kamil', Array, Array)
#5 C:\xampp\htdocs\ci4\system\Controller.php(160): CodeIgniter\Validation\Validation->run()
#6 C:\xampp\htdocs\ci4\app\Controllers\Auth.php(78): CodeIgniter\Controller->validate(Array)
#7 C:\xampp\htdocs\ci4\system\CodeIgniter.php(824): App\Controllers\Auth->check()
#8 C:\xampp\htdocs\ci4\system\CodeIgniter.php(410): CodeIgniter\CodeIgniter->runController(Object(App\Controllers\Auth))
#9 C:\xampp\htdocs\ci4\system\CodeIgniter.php(318): CodeIgniter\CodeIgniter->handleRequest(NULL, Object(Config\Cache), false)
#10 C:\xampp\htdocs\ci4\public\index.php(37): CodeIgniter\CodeIgniter->run()
#11 C:\xampp\htdocs\ci4\system\Commands\Server\rewrite.php(43): require_once('C:\\xampp\\htdocs...')
#12 {main}
CRITICAL - 2022-01-04 13:37:45 --> Call to undefined function display_error()
#0 C:\xampp\htdocs\ci4\system\View\View.php(214): include()
#1 C:\xampp\htdocs\ci4\system\View\View.php(217): CodeIgniter\View\View->CodeIgniter\View\{closure}()
#2 C:\xampp\htdocs\ci4\system\Common.php(1097): CodeIgniter\View\View->render('offer/addoffer', Array, true)
#3 C:\xampp\htdocs\ci4\app\Controllers\Offer.php(50): view('offer/addoffer', Array)
#4 C:\xampp\htdocs\ci4\system\CodeIgniter.php(824): App\Controllers\Offer->save()
#5 C:\xampp\htdocs\ci4\system\CodeIgniter.php(410): CodeIgniter\CodeIgniter->runController(Object(App\Controllers\Offer))
#6 C:\xampp\htdocs\ci4\system\CodeIgniter.php(318): CodeIgniter\CodeIgniter->handleRequest(NULL, Object(Config\Cache), false)
#7 C:\xampp\htdocs\ci4\public\index.php(37): CodeIgniter\CodeIgniter->run()
#8 C:\xampp\htdocs\ci4\system\Commands\Server\rewrite.php(43): require_once('C:\\xampp\\htdocs...')
#9 {main}
CRITICAL - 2022-01-04 13:38:33 --> Call to undefined function display_error()
#0 C:\xampp\htdocs\ci4\system\View\View.php(214): include()
#1 C:\xampp\htdocs\ci4\system\View\View.php(217): CodeIgniter\View\View->CodeIgniter\View\{closure}()
#2 C:\xampp\htdocs\ci4\system\Common.php(1097): CodeIgniter\View\View->render('offer/addoffer', Array, true)
#3 C:\xampp\htdocs\ci4\app\Controllers\Offer.php(50): view('offer/addoffer', Array)
#4 C:\xampp\htdocs\ci4\system\CodeIgniter.php(824): App\Controllers\Offer->save()
#5 C:\xampp\htdocs\ci4\system\CodeIgniter.php(410): CodeIgniter\CodeIgniter->runController(Object(App\Controllers\Offer))
#6 C:\xampp\htdocs\ci4\system\CodeIgniter.php(318): CodeIgniter\CodeIgniter->handleRequest(NULL, Object(Config\Cache), false)
#7 C:\xampp\htdocs\ci4\public\index.php(37): CodeIgniter\CodeIgniter->run()
#8 C:\xampp\htdocs\ci4\system\Commands\Server\rewrite.php(43): require_once('C:\\xampp\\htdocs...')
#9 {main}
CRITICAL - 2022-01-04 13:40:18 --> Call to undefined function display_error()
#0 C:\xampp\htdocs\ci4\system\View\View.php(214): include()
#1 C:\xampp\htdocs\ci4\system\View\View.php(217): CodeIgniter\View\View->CodeIgniter\View\{closure}()
#2 C:\xampp\htdocs\ci4\system\Common.php(1097): CodeIgniter\View\View->render('offer/addoffer', Array, true)
#3 C:\xampp\htdocs\ci4\app\Controllers\Offer.php(50): view('offer/addoffer', Array)
#4 C:\xampp\htdocs\ci4\system\CodeIgniter.php(824): App\Controllers\Offer->add()
#5 C:\xampp\htdocs\ci4\system\CodeIgniter.php(410): CodeIgniter\CodeIgniter->runController(Object(App\Controllers\Offer))
#6 C:\xampp\htdocs\ci4\system\CodeIgniter.php(318): CodeIgniter\CodeIgniter->handleRequest(NULL, Object(Config\Cache), false)
#7 C:\xampp\htdocs\ci4\public\index.php(37): CodeIgniter\CodeIgniter->run()
#8 C:\xampp\htdocs\ci4\system\Commands\Server\rewrite.php(43): require_once('C:\\xampp\\htdocs...')
#9 {main}
CRITICAL - 2022-01-04 13:40:25 --> Call to undefined function display_error()
#0 C:\xampp\htdocs\ci4\system\View\View.php(214): include()
#1 C:\xampp\htdocs\ci4\system\View\View.php(217): CodeIgniter\View\View->CodeIgniter\View\{closure}()
#2 C:\xampp\htdocs\ci4\system\Common.php(1097): CodeIgniter\View\View->render('offer/addoffer', Array, true)
#3 C:\xampp\htdocs\ci4\app\Controllers\Offer.php(50): view('offer/addoffer', Array)
#4 C:\xampp\htdocs\ci4\system\CodeIgniter.php(824): App\Controllers\Offer->add()
#5 C:\xampp\htdocs\ci4\system\CodeIgniter.php(410): CodeIgniter\CodeIgniter->runController(Object(App\Controllers\Offer))
#6 C:\xampp\htdocs\ci4\system\CodeIgniter.php(318): CodeIgniter\CodeIgniter->handleRequest(NULL, Object(Config\Cache), false)
#7 C:\xampp\htdocs\ci4\public\index.php(37): CodeIgniter\CodeIgniter->run()
#8 C:\xampp\htdocs\ci4\system\Commands\Server\rewrite.php(43): require_once('C:\\xampp\\htdocs...')
#9 {main}
CRITICAL - 2022-01-04 13:40:27 --> Call to undefined function display_error()
#0 C:\xampp\htdocs\ci4\system\View\View.php(214): include()
#1 C:\xampp\htdocs\ci4\system\View\View.php(217): CodeIgniter\View\View->CodeIgniter\View\{closure}()
#2 C:\xampp\htdocs\ci4\system\Common.php(1097): CodeIgniter\View\View->render('offer/addoffer', Array, true)
#3 C:\xampp\htdocs\ci4\app\Controllers\Offer.php(50): view('offer/addoffer', Array)
#4 C:\xampp\htdocs\ci4\system\CodeIgniter.php(824): App\Controllers\Offer->add()
#5 C:\xampp\htdocs\ci4\system\CodeIgniter.php(410): CodeIgniter\CodeIgniter->runController(Object(App\Controllers\Offer))
#6 C:\xampp\htdocs\ci4\system\CodeIgniter.php(318): CodeIgniter\CodeIgniter->handleRequest(NULL, Object(Config\Cache), false)
#7 C:\xampp\htdocs\ci4\public\index.php(37): CodeIgniter\CodeIgniter->run()
#8 C:\xampp\htdocs\ci4\system\Commands\Server\rewrite.php(43): require_once('C:\\xampp\\htdocs...')
#9 {main}
CRITICAL - 2022-01-04 13:42:06 --> Call to undefined function display_error()
#0 C:\xampp\htdocs\ci4\system\View\View.php(214): include()
#1 C:\xampp\htdocs\ci4\system\View\View.php(217): CodeIgniter\View\View->CodeIgniter\View\{closure}()
#2 C:\xampp\htdocs\ci4\system\Common.php(1097): CodeIgniter\View\View->render('offer/addoffer', Array, true)
#3 C:\xampp\htdocs\ci4\app\Controllers\Offer.php(50): view('offer/addoffer', Array)
#4 C:\xampp\htdocs\ci4\system\CodeIgniter.php(824): App\Controllers\Offer->add()
#5 C:\xampp\htdocs\ci4\system\CodeIgniter.php(410): CodeIgniter\CodeIgniter->runController(Object(App\Controllers\Offer))
#6 C:\xampp\htdocs\ci4\system\CodeIgniter.php(318): CodeIgniter\CodeIgniter->handleRequest(NULL, Object(Config\Cache), false)
#7 C:\xampp\htdocs\ci4\public\index.php(37): CodeIgniter\CodeIgniter->run()
#8 C:\xampp\htdocs\ci4\system\Commands\Server\rewrite.php(43): require_once('C:\\xampp\\htdocs...')
#9 {main}
CRITICAL - 2022-01-04 13:45:50 --> Call to undefined function set_value()
#0 C:\xampp\htdocs\ci4\system\View\View.php(214): include()
#1 C:\xampp\htdocs\ci4\system\View\View.php(217): CodeIgniter\View\View->CodeIgniter\View\{closure}()
#2 C:\xampp\htdocs\ci4\system\Common.php(1097): CodeIgniter\View\View->render('offer/addoffer', Array, true)
#3 C:\xampp\htdocs\ci4\app\Controllers\Offer.php(11): view('offer/addoffer')
#4 C:\xampp\htdocs\ci4\system\CodeIgniter.php(824): App\Controllers\Offer->index()
#5 C:\xampp\htdocs\ci4\system\CodeIgniter.php(410): CodeIgniter\CodeIgniter->runController(Object(App\Controllers\Offer))
#6 C:\xampp\htdocs\ci4\system\CodeIgniter.php(318): CodeIgniter\CodeIgniter->handleRequest(NULL, Object(Config\Cache), false)
#7 C:\xampp\htdocs\ci4\public\index.php(37): CodeIgniter\CodeIgniter->run()
#8 C:\xampp\htdocs\ci4\system\Commands\Server\rewrite.php(43): require_once('C:\\xampp\\htdocs...')
#9 {main}
CRITICAL - 2022-01-04 13:45:56 --> Call to undefined function set_value()
#0 C:\xampp\htdocs\ci4\system\View\View.php(214): include()
#1 C:\xampp\htdocs\ci4\system\View\View.php(217): CodeIgniter\View\View->CodeIgniter\View\{closure}()
#2 C:\xampp\htdocs\ci4\system\Common.php(1097): CodeIgniter\View\View->render('offer/addoffer', Array, true)
#3 C:\xampp\htdocs\ci4\app\Controllers\Offer.php(11): view('offer/addoffer')
#4 C:\xampp\htdocs\ci4\system\CodeIgniter.php(824): App\Controllers\Offer->index()
#5 C:\xampp\htdocs\ci4\system\CodeIgniter.php(410): CodeIgniter\CodeIgniter->runController(Object(App\Controllers\Offer))
#6 C:\xampp\htdocs\ci4\system\CodeIgniter.php(318): CodeIgniter\CodeIgniter->handleRequest(NULL, Object(Config\Cache), false)
#7 C:\xampp\htdocs\ci4\public\index.php(37): CodeIgniter\CodeIgniter->run()
#8 C:\xampp\htdocs\ci4\system\Commands\Server\rewrite.php(43): require_once('C:\\xampp\\htdocs...')
#9 {main}
CRITICAL - 2022-01-04 13:46:11 --> Call to undefined function set_value()
#0 C:\xampp\htdocs\ci4\system\View\View.php(214): include()
#1 C:\xampp\htdocs\ci4\system\View\View.php(217): CodeIgniter\View\View->CodeIgniter\View\{closure}()
#2 C:\xampp\htdocs\ci4\system\Common.php(1097): CodeIgniter\View\View->render('offer/addoffer', Array, true)
#3 C:\xampp\htdocs\ci4\app\Controllers\Offer.php(11): view('offer/addoffer')
#4 C:\xampp\htdocs\ci4\system\CodeIgniter.php(824): App\Controllers\Offer->index()
#5 C:\xampp\htdocs\ci4\system\CodeIgniter.php(410): CodeIgniter\CodeIgniter->runController(Object(App\Controllers\Offer))
#6 C:\xampp\htdocs\ci4\system\CodeIgniter.php(318): CodeIgniter\CodeIgniter->handleRequest(NULL, Object(Config\Cache), false)
#7 C:\xampp\htdocs\ci4\public\index.php(37): CodeIgniter\CodeIgniter->run()
#8 C:\xampp\htdocs\ci4\system\Commands\Server\rewrite.php(43): require_once('C:\\xampp\\htdocs...')
#9 {main}
CRITICAL - 2022-01-04 13:46:19 --> Call to undefined function set_value()
#0 C:\xampp\htdocs\ci4\system\View\View.php(214): include()
#1 C:\xampp\htdocs\ci4\system\View\View.php(217): CodeIgniter\View\View->CodeIgniter\View\{closure}()
#2 C:\xampp\htdocs\ci4\system\Common.php(1097): CodeIgniter\View\View->render('offer/addoffer', Array, true)
#3 C:\xampp\htdocs\ci4\app\Controllers\Offer.php(11): view('offer/addoffer')
#4 C:\xampp\htdocs\ci4\system\CodeIgniter.php(824): App\Controllers\Offer->index()
#5 C:\xampp\htdocs\ci4\system\CodeIgniter.php(410): CodeIgniter\CodeIgniter->runController(Object(App\Controllers\Offer))
#6 C:\xampp\htdocs\ci4\system\CodeIgniter.php(318): CodeIgniter\CodeIgniter->handleRequest(NULL, Object(Config\Cache), false)
#7 C:\xampp\htdocs\ci4\public\index.php(37): CodeIgniter\CodeIgniter->run()
#8 C:\xampp\htdocs\ci4\system\Commands\Server\rewrite.php(43): require_once('C:\\xampp\\htdocs...')
#9 {main}
CRITICAL - 2022-01-04 13:46:22 --> Call to undefined function set_value()
#0 C:\xampp\htdocs\ci4\system\View\View.php(214): include()
#1 C:\xampp\htdocs\ci4\system\View\View.php(217): CodeIgniter\View\View->CodeIgniter\View\{closure}()
#2 C:\xampp\htdocs\ci4\system\Common.php(1097): CodeIgniter\View\View->render('offer/addoffer', Array, true)
#3 C:\xampp\htdocs\ci4\app\Controllers\Offer.php(11): view('offer/addoffer')
#4 C:\xampp\htdocs\ci4\system\CodeIgniter.php(824): App\Controllers\Offer->index()
#5 C:\xampp\htdocs\ci4\system\CodeIgniter.php(410): CodeIgniter\CodeIgniter->runController(Object(App\Controllers\Offer))
#6 C:\xampp\htdocs\ci4\system\CodeIgniter.php(318): CodeIgniter\CodeIgniter->handleRequest(NULL, Object(Config\Cache), false)
#7 C:\xampp\htdocs\ci4\public\index.php(37): CodeIgniter\CodeIgniter->run()
#8 C:\xampp\htdocs\ci4\system\Commands\Server\rewrite.php(43): require_once('C:\\xampp\\htdocs...')
#9 {main}
CRITICAL - 2022-01-04 13:46:57 --> Call to undefined function set_value()
#0 C:\xampp\htdocs\ci4\system\View\View.php(214): include()
#1 C:\xampp\htdocs\ci4\system\View\View.php(217): CodeIgniter\View\View->CodeIgniter\View\{closure}()
#2 C:\xampp\htdocs\ci4\system\Common.php(1097): CodeIgniter\View\View->render('offer/addoffer', Array, true)
#3 C:\xampp\htdocs\ci4\app\Controllers\Offer.php(11): view('offer/addoffer')
#4 C:\xampp\htdocs\ci4\system\CodeIgniter.php(824): App\Controllers\Offer->index()
#5 C:\xampp\htdocs\ci4\system\CodeIgniter.php(410): CodeIgniter\CodeIgniter->runController(Object(App\Controllers\Offer))
#6 C:\xampp\htdocs\ci4\system\CodeIgniter.php(318): CodeIgniter\CodeIgniter->handleRequest(NULL, Object(Config\Cache), false)
#7 C:\xampp\htdocs\ci4\public\index.php(37): CodeIgniter\CodeIgniter->run()
#8 C:\xampp\htdocs\ci4\system\Commands\Server\rewrite.php(43): require_once('C:\\xampp\\htdocs...')
#9 {main}
CRITICAL - 2022-01-04 13:48:01 --> Call to undefined function set_value()
#0 C:\xampp\htdocs\ci4\system\View\View.php(214): include()
#1 C:\xampp\htdocs\ci4\system\View\View.php(217): CodeIgniter\View\View->CodeIgniter\View\{closure}()
#2 C:\xampp\htdocs\ci4\system\Common.php(1097): CodeIgniter\View\View->render('offer/addoffer', Array, true)
#3 C:\xampp\htdocs\ci4\app\Controllers\Offer.php(11): view('offer/addoffer')
#4 C:\xampp\htdocs\ci4\system\CodeIgniter.php(824): App\Controllers\Offer->index()
#5 C:\xampp\htdocs\ci4\system\CodeIgniter.php(410): CodeIgniter\CodeIgniter->runController(Object(App\Controllers\Offer))
#6 C:\xampp\htdocs\ci4\system\CodeIgniter.php(318): CodeIgniter\CodeIgniter->handleRequest(NULL, Object(Config\Cache), false)
#7 C:\xampp\htdocs\ci4\public\index.php(37): CodeIgniter\CodeIgniter->run()
#8 C:\xampp\htdocs\ci4\system\Commands\Server\rewrite.php(43): require_once('C:\\xampp\\htdocs...')
#9 {main}
CRITICAL - 2022-01-04 13:48:04 --> Call to undefined function set_value()
#0 C:\xampp\htdocs\ci4\system\View\View.php(214): include()
#1 C:\xampp\htdocs\ci4\system\View\View.php(217): CodeIgniter\View\View->CodeIgniter\View\{closure}()
#2 C:\xampp\htdocs\ci4\system\Common.php(1097): CodeIgniter\View\View->render('offer/addoffer', Array, true)
#3 C:\xampp\htdocs\ci4\app\Controllers\Offer.php(11): view('offer/addoffer')
#4 C:\xampp\htdocs\ci4\system\CodeIgniter.php(824): App\Controllers\Offer->index()
#5 C:\xampp\htdocs\ci4\system\CodeIgniter.php(410): CodeIgniter\CodeIgniter->runController(Object(App\Controllers\Offer))
#6 C:\xampp\htdocs\ci4\system\CodeIgniter.php(318): CodeIgniter\CodeIgniter->handleRequest(NULL, Object(Config\Cache), false)
#7 C:\xampp\htdocs\ci4\public\index.php(37): CodeIgniter\CodeIgniter->run()
#8 C:\xampp\htdocs\ci4\system\Commands\Server\rewrite.php(43): require_once('C:\\xampp\\htdocs...')
#9 {main}
CRITICAL - 2022-01-04 14:02:43 --> syntax error, unexpected token ";", expecting "]"
#0 C:\xampp\htdocs\ci4\system\Router\Router.php(176): CodeIgniter\Router\Router->autoRoute('offer')
#1 C:\xampp\htdocs\ci4\system\CodeIgniter.php(718): CodeIgniter\Router\Router->handle('offer')
#2 C:\xampp\htdocs\ci4\system\CodeIgniter.php(359): CodeIgniter\CodeIgniter->tryToRouteIt(Object(CodeIgniter\Router\RouteCollection))
#3 C:\xampp\htdocs\ci4\system\CodeIgniter.php(318): CodeIgniter\CodeIgniter->handleRequest(NULL, Object(Config\Cache), false)
#4 C:\xampp\htdocs\ci4\public\index.php(37): CodeIgniter\CodeIgniter->run()
#5 C:\xampp\htdocs\ci4\system\Commands\Server\rewrite.php(43): require_once('C:\\xampp\\htdocs...')
#6 {main}
CRITICAL - 2022-01-04 14:03:29 --> Call to undefined function set_value()
#0 C:\xampp\htdocs\ci4\system\View\View.php(214): include()
#1 C:\xampp\htdocs\ci4\system\View\View.php(217): CodeIgniter\View\View->CodeIgniter\View\{closure}()
#2 C:\xampp\htdocs\ci4\system\Common.php(1097): CodeIgniter\View\View->render('offer/addoffer', Array, true)
#3 C:\xampp\htdocs\ci4\app\Controllers\Offer.php(11): view('offer/addoffer')
#4 C:\xampp\htdocs\ci4\system\CodeIgniter.php(824): App\Controllers\Offer->index()
#5 C:\xampp\htdocs\ci4\system\CodeIgniter.php(410): CodeIgniter\CodeIgniter->runController(Object(App\Controllers\Offer))
#6 C:\xampp\htdocs\ci4\system\CodeIgniter.php(318): CodeIgniter\CodeIgniter->handleRequest(NULL, Object(Config\Cache), false)
#7 C:\xampp\htdocs\ci4\public\index.php(37): CodeIgniter\CodeIgniter->run()
#8 C:\xampp\htdocs\ci4\system\Commands\Server\rewrite.php(43): require_once('C:\\xampp\\htdocs...')
#9 {main}
CRITICAL - 2022-01-04 14:03:55 --> Call to undefined function set_value()
#0 C:\xampp\htdocs\ci4\system\View\View.php(214): include()
#1 C:\xampp\htdocs\ci4\system\View\View.php(217): CodeIgniter\View\View->CodeIgniter\View\{closure}()
#2 C:\xampp\htdocs\ci4\system\Common.php(1097): CodeIgniter\View\View->render('offer/addoffer', Array, true)
#3 C:\xampp\htdocs\ci4\app\Controllers\Offer.php(11): view('offer/addoffer')
#4 C:\xampp\htdocs\ci4\system\CodeIgniter.php(824): App\Controllers\Offer->index()
#5 C:\xampp\htdocs\ci4\system\CodeIgniter.php(410): CodeIgniter\CodeIgniter->runController(Object(App\Controllers\Offer))
#6 C:\xampp\htdocs\ci4\system\CodeIgniter.php(318): CodeIgniter\CodeIgniter->handleRequest(NULL, Object(Config\Cache), false)
#7 C:\xampp\htdocs\ci4\public\index.php(37): CodeIgniter\CodeIgniter->run()
#8 C:\xampp\htdocs\ci4\system\Commands\Server\rewrite.php(43): require_once('C:\\xampp\\htdocs...')
#9 {main}
CRITICAL - 2022-01-04 14:03:57 --> Call to undefined function set_value()
#0 C:\xampp\htdocs\ci4\system\View\View.php(214): include()
#1 C:\xampp\htdocs\ci4\system\View\View.php(217): CodeIgniter\View\View->CodeIgniter\View\{closure}()
#2 C:\xampp\htdocs\ci4\system\Common.php(1097): CodeIgniter\View\View->render('offer/addoffer', Array, true)
#3 C:\xampp\htdocs\ci4\app\Controllers\Offer.php(11): view('offer/addoffer')
#4 C:\xampp\htdocs\ci4\system\CodeIgniter.php(824): App\Controllers\Offer->index()
#5 C:\xampp\htdocs\ci4\system\CodeIgniter.php(410): CodeIgniter\CodeIgniter->runController(Object(App\Controllers\Offer))
#6 C:\xampp\htdocs\ci4\system\CodeIgniter.php(318): CodeIgniter\CodeIgniter->handleRequest(NULL, Object(Config\Cache), false)
#7 C:\xampp\htdocs\ci4\public\index.php(37): CodeIgniter\CodeIgniter->run()
#8 C:\xampp\htdocs\ci4\system\Commands\Server\rewrite.php(43): require_once('C:\\xampp\\htdocs...')
#9 {main}
CRITICAL - 2022-01-04 14:07:45 --> Call to undefined function display_error()
#0 C:\xampp\htdocs\ci4\system\View\View.php(214): include()
#1 C:\xampp\htdocs\ci4\system\View\View.php(217): CodeIgniter\View\View->CodeIgniter\View\{closure}()
#2 C:\xampp\htdocs\ci4\system\Common.php(1097): CodeIgniter\View\View->render('offer/addoffer', Array, true)
#3 C:\xampp\htdocs\ci4\app\Controllers\Offer.php(50): view('offer/addoffer', Array)
#4 C:\xampp\htdocs\ci4\system\CodeIgniter.php(824): App\Controllers\Offer->add()
#5 C:\xampp\htdocs\ci4\system\CodeIgniter.php(410): CodeIgniter\CodeIgniter->runController(Object(App\Controllers\Offer))
#6 C:\xampp\htdocs\ci4\system\CodeIgniter.php(318): CodeIgniter\CodeIgniter->handleRequest(NULL, Object(Config\Cache), false)
#7 C:\xampp\htdocs\ci4\public\index.php(37): CodeIgniter\CodeIgniter->run()
#8 C:\xampp\htdocs\ci4\system\Commands\Server\rewrite.php(43): require_once('C:\\xampp\\htdocs...')
#9 {main}
CRITICAL - 2022-01-04 14:09:31 --> Call to undefined function display_error()
#0 C:\xampp\htdocs\ci4\system\View\View.php(214): include()
#1 C:\xampp\htdocs\ci4\system\View\View.php(217): CodeIgniter\View\View->CodeIgniter\View\{closure}()
#2 C:\xampp\htdocs\ci4\system\Common.php(1097): CodeIgniter\View\View->render('offer/addoffer', Array, true)
#3 C:\xampp\htdocs\ci4\app\Controllers\Offer.php(50): view('offer/addoffer', Array)
#4 C:\xampp\htdocs\ci4\system\CodeIgniter.php(824): App\Controllers\Offer->add()
#5 C:\xampp\htdocs\ci4\system\CodeIgniter.php(410): CodeIgniter\CodeIgniter->runController(Object(App\Controllers\Offer))
#6 C:\xampp\htdocs\ci4\system\CodeIgniter.php(318): CodeIgniter\CodeIgniter->handleRequest(NULL, Object(Config\Cache), false)
#7 C:\xampp\htdocs\ci4\public\index.php(37): CodeIgniter\CodeIgniter->run()
#8 C:\xampp\htdocs\ci4\system\Commands\Server\rewrite.php(43): require_once('C:\\xampp\\htdocs...')
#9 {main}
CRITICAL - 2022-01-04 14:09:49 --> Call to undefined function display_error()
#0 C:\xampp\htdocs\ci4\system\View\View.php(214): include()
#1 C:\xampp\htdocs\ci4\system\View\View.php(217): CodeIgniter\View\View->CodeIgniter\View\{closure}()
#2 C:\xampp\htdocs\ci4\system\Common.php(1097): CodeIgniter\View\View->render('offer/addoffer', Array, true)
#3 C:\xampp\htdocs\ci4\app\Controllers\Offer.php(50): view('offer/addoffer', Array)
#4 C:\xampp\htdocs\ci4\system\CodeIgniter.php(824): App\Controllers\Offer->add()
#5 C:\xampp\htdocs\ci4\system\CodeIgniter.php(410): CodeIgniter\CodeIgniter->runController(Object(App\Controllers\Offer))
#6 C:\xampp\htdocs\ci4\system\CodeIgniter.php(318): CodeIgniter\CodeIgniter->handleRequest(NULL, Object(Config\Cache), false)
#7 C:\xampp\htdocs\ci4\public\index.php(37): CodeIgniter\CodeIgniter->run()
#8 C:\xampp\htdocs\ci4\system\Commands\Server\rewrite.php(43): require_once('C:\\xampp\\htdocs...')
#9 {main}
CRITICAL - 2022-01-04 14:28:10 --> syntax error, unexpected token "=", expecting "]"
#0 C:\xampp\htdocs\ci4\system\Router\Router.php(176): CodeIgniter\Router\Router->autoRoute('offer/add')
#1 C:\xampp\htdocs\ci4\system\CodeIgniter.php(718): CodeIgniter\Router\Router->handle('offer/add')
#2 C:\xampp\htdocs\ci4\system\CodeIgniter.php(359): CodeIgniter\CodeIgniter->tryToRouteIt(Object(CodeIgniter\Router\RouteCollection))
#3 C:\xampp\htdocs\ci4\system\CodeIgniter.php(318): CodeIgniter\CodeIgniter->handleRequest(NULL, Object(Config\Cache), false)
#4 C:\xampp\htdocs\ci4\public\index.php(37): CodeIgniter\CodeIgniter->run()
#5 C:\xampp\htdocs\ci4\system\Commands\Server\rewrite.php(43): require_once('C:\\xampp\\htdocs...')
#6 {main}
CRITICAL - 2022-01-04 14:28:19 --> syntax error, unexpected token "=", expecting "]"
#0 C:\xampp\htdocs\ci4\system\Router\Router.php(176): CodeIgniter\Router\Router->autoRoute('offer/add')
#1 C:\xampp\htdocs\ci4\system\CodeIgniter.php(718): CodeIgniter\Router\Router->handle('offer/add')
#2 C:\xampp\htdocs\ci4\system\CodeIgniter.php(359): CodeIgniter\CodeIgniter->tryToRouteIt(Object(CodeIgniter\Router\RouteCollection))
#3 C:\xampp\htdocs\ci4\system\CodeIgniter.php(318): CodeIgniter\CodeIgniter->handleRequest(NULL, Object(Config\Cache), false)
#4 C:\xampp\htdocs\ci4\public\index.php(37): CodeIgniter\CodeIgniter->run()
#5 C:\xampp\htdocs\ci4\system\Commands\Server\rewrite.php(43): require_once('C:\\xampp\\htdocs...')
#6 {main}
CRITICAL - 2022-01-04 14:28:19 --> syntax error, unexpected token "=", expecting "]"
#0 C:\xampp\htdocs\ci4\system\Router\Router.php(176): CodeIgniter\Router\Router->autoRoute('offer/add')
#1 C:\xampp\htdocs\ci4\system\CodeIgniter.php(718): CodeIgniter\Router\Router->handle('offer/add')
#2 C:\xampp\htdocs\ci4\system\CodeIgniter.php(359): CodeIgniter\CodeIgniter->tryToRouteIt(Object(CodeIgniter\Router\RouteCollection))
#3 C:\xampp\htdocs\ci4\system\CodeIgniter.php(318): CodeIgniter\CodeIgniter->handleRequest(NULL, Object(Config\Cache), false)
#4 C:\xampp\htdocs\ci4\public\index.php(37): CodeIgniter\CodeIgniter->run()
#5 C:\xampp\htdocs\ci4\system\Commands\Server\rewrite.php(43): require_once('C:\\xampp\\htdocs...')
#6 {main}
CRITICAL - 2022-01-04 15:54:42 --> Undefined variable $user_id
#0 C:\xampp\htdocs\ci4\app\Controllers\Offer.php(62): CodeIgniter\Debug\Exceptions->errorHandler(2, 'Undefined varia...', 'C:\\xampp\\htdocs...', 62)
#1 C:\xampp\htdocs\ci4\system\CodeIgniter.php(824): App\Controllers\Offer->add()
#2 C:\xampp\htdocs\ci4\system\CodeIgniter.php(410): CodeIgniter\CodeIgniter->runController(Object(App\Controllers\Offer))
#3 C:\xampp\htdocs\ci4\system\CodeIgniter.php(318): CodeIgniter\CodeIgniter->handleRequest(NULL, Object(Config\Cache), false)
#4 C:\xampp\htdocs\ci4\public\index.php(37): CodeIgniter\CodeIgniter->run()
#5 C:\xampp\htdocs\ci4\system\Commands\Server\rewrite.php(43): require_once('C:\\xampp\\htdocs...')
#6 {main}
CRITICAL - 2022-01-04 15:59:31 --> Undefined property: App\Controllers\Offer::$session
#0 C:\xampp\htdocs\ci4\app\Controllers\Offer.php(62): CodeIgniter\Debug\Exceptions->errorHandler(2, 'Undefined prope...', 'C:\\xampp\\htdocs...', 62)
#1 C:\xampp\htdocs\ci4\system\CodeIgniter.php(824): App\Controllers\Offer->add()
#2 C:\xampp\htdocs\ci4\system\CodeIgniter.php(410): CodeIgniter\CodeIgniter->runController(Object(App\Controllers\Offer))
#3 C:\xampp\htdocs\ci4\system\CodeIgniter.php(318): CodeIgniter\CodeIgniter->handleRequest(NULL, Object(Config\Cache), false)
#4 C:\xampp\htdocs\ci4\public\index.php(37): CodeIgniter\CodeIgniter->run()
#5 C:\xampp\htdocs\ci4\system\Commands\Server\rewrite.php(43): require_once('C:\\xampp\\htdocs...')
#6 {main}
CRITICAL - 2022-01-04 16:01:05 --> Undefined property: App\Controllers\Offer::$session
#0 C:\xampp\htdocs\ci4\app\Controllers\Offer.php(59): CodeIgniter\Debug\Exceptions->errorHandler(2, 'Undefined prope...', 'C:\\xampp\\htdocs...', 59)
#1 C:\xampp\htdocs\ci4\system\CodeIgniter.php(824): App\Controllers\Offer->add()
#2 C:\xampp\htdocs\ci4\system\CodeIgniter.php(410): CodeIgniter\CodeIgniter->runController(Object(App\Controllers\Offer))
#3 C:\xampp\htdocs\ci4\system\CodeIgniter.php(318): CodeIgniter\CodeIgniter->handleRequest(NULL, Object(Config\Cache), false)
#4 C:\xampp\htdocs\ci4\public\index.php(37): CodeIgniter\CodeIgniter->run()
#5 C:\xampp\htdocs\ci4\system\Commands\Server\rewrite.php(43): require_once('C:\\xampp\\htdocs...')
#6 {main}
CRITICAL - 2022-01-04 16:02:26 --> Undefined variable $_SESSION
#0 C:\xampp\htdocs\ci4\app\Controllers\Offer.php(59): CodeIgniter\Debug\Exceptions->errorHandler(2, 'Undefined varia...', 'C:\\xampp\\htdocs...', 59)
#1 C:\xampp\htdocs\ci4\system\CodeIgniter.php(824): App\Controllers\Offer->add()
#2 C:\xampp\htdocs\ci4\system\CodeIgniter.php(410): CodeIgniter\CodeIgniter->runController(Object(App\Controllers\Offer))
#3 C:\xampp\htdocs\ci4\system\CodeIgniter.php(318): CodeIgniter\CodeIgniter->handleRequest(NULL, Object(Config\Cache), false)
#4 C:\xampp\htdocs\ci4\public\index.php(37): CodeIgniter\CodeIgniter->run()
#5 C:\xampp\htdocs\ci4\system\Commands\Server\rewrite.php(43): require_once('C:\\xampp\\htdocs...')
#6 {main}
CRITICAL - 2022-01-04 16:02:57 --> Undefined property: App\Controllers\Offer::$session
#0 C:\xampp\htdocs\ci4\app\Controllers\Offer.php(59): CodeIgniter\Debug\Exceptions->errorHandler(2, 'Undefined prope...', 'C:\\xampp\\htdocs...', 59)
#1 C:\xampp\htdocs\ci4\system\CodeIgniter.php(824): App\Controllers\Offer->add()
#2 C:\xampp\htdocs\ci4\system\CodeIgniter.php(410): CodeIgniter\CodeIgniter->runController(Object(App\Controllers\Offer))
#3 C:\xampp\htdocs\ci4\system\CodeIgniter.php(318): CodeIgniter\CodeIgniter->handleRequest(NULL, Object(Config\Cache), false)
#4 C:\xampp\htdocs\ci4\public\index.php(37): CodeIgniter\CodeIgniter->run()
#5 C:\xampp\htdocs\ci4\system\Commands\Server\rewrite.php(43): require_once('C:\\xampp\\htdocs...')
#6 {main}
CRITICAL - 2022-01-04 16:03:00 --> Undefined property: App\Controllers\Offer::$session
#0 C:\xampp\htdocs\ci4\app\Controllers\Offer.php(59): CodeIgniter\Debug\Exceptions->errorHandler(2, 'Undefined prope...', 'C:\\xampp\\htdocs...', 59)
#1 C:\xampp\htdocs\ci4\system\CodeIgniter.php(824): App\Controllers\Offer->add()
#2 C:\xampp\htdocs\ci4\system\CodeIgniter.php(410): CodeIgniter\CodeIgniter->runController(Object(App\Controllers\Offer))
#3 C:\xampp\htdocs\ci4\system\CodeIgniter.php(318): CodeIgniter\CodeIgniter->handleRequest(NULL, Object(Config\Cache), false)
#4 C:\xampp\htdocs\ci4\public\index.php(37): CodeIgniter\CodeIgniter->run()
#5 C:\xampp\htdocs\ci4\system\Commands\Server\rewrite.php(43): require_once('C:\\xampp\\htdocs...')
#6 {main}
CRITICAL - 2022-01-04 16:03:04 --> Undefined property: App\Controllers\Offer::$session
#0 C:\xampp\htdocs\ci4\app\Controllers\Offer.php(59): CodeIgniter\Debug\Exceptions->errorHandler(2, 'Undefined prope...', 'C:\\xampp\\htdocs...', 59)
#1 C:\xampp\htdocs\ci4\system\CodeIgniter.php(824): App\Controllers\Offer->add()
#2 C:\xampp\htdocs\ci4\system\CodeIgniter.php(410): CodeIgniter\CodeIgniter->runController(Object(App\Controllers\Offer))
#3 C:\xampp\htdocs\ci4\system\CodeIgniter.php(318): CodeIgniter\CodeIgniter->handleRequest(NULL, Object(Config\Cache), false)
#4 C:\xampp\htdocs\ci4\public\index.php(37): CodeIgniter\CodeIgniter->run()
#5 C:\xampp\htdocs\ci4\system\Commands\Server\rewrite.php(43): require_once('C:\\xampp\\htdocs...')
#6 {main}
CRITICAL - 2022-01-04 16:05:11 --> Undefined property: App\Controllers\Offer::$session
#0 C:\xampp\htdocs\ci4\app\Controllers\Offer.php(59): CodeIgniter\Debug\Exceptions->errorHandler(2, 'Undefined prope...', 'C:\\xampp\\htdocs...', 59)
#1 C:\xampp\htdocs\ci4\system\CodeIgniter.php(824): App\Controllers\Offer->add()
#2 C:\xampp\htdocs\ci4\system\CodeIgniter.php(410): CodeIgniter\CodeIgniter->runController(Object(App\Controllers\Offer))
#3 C:\xampp\htdocs\ci4\system\CodeIgniter.php(318): CodeIgniter\CodeIgniter->handleRequest(NULL, Object(Config\Cache), false)
#4 C:\xampp\htdocs\ci4\public\index.php(37): CodeIgniter\CodeIgniter->run()
#5 C:\xampp\htdocs\ci4\system\Commands\Server\rewrite.php(43): require_once('C:\\xampp\\htdocs...')
#6 {main}
CRITICAL - 2022-01-04 16:05:32 --> Undefined property: App\Controllers\Offer::$session
#0 C:\xampp\htdocs\ci4\app\Controllers\Offer.php(59): CodeIgniter\Debug\Exceptions->errorHandler(2, 'Undefined prope...', 'C:\\xampp\\htdocs...', 59)
#1 C:\xampp\htdocs\ci4\system\CodeIgniter.php(824): App\Controllers\Offer->add()
#2 C:\xampp\htdocs\ci4\system\CodeIgniter.php(410): CodeIgniter\CodeIgniter->runController(Object(App\Controllers\Offer))
#3 C:\xampp\htdocs\ci4\system\CodeIgniter.php(318): CodeIgniter\CodeIgniter->handleRequest(NULL, Object(Config\Cache), false)
#4 C:\xampp\htdocs\ci4\public\index.php(37): CodeIgniter\CodeIgniter->run()
#5 C:\xampp\htdocs\ci4\system\Commands\Server\rewrite.php(43): require_once('C:\\xampp\\htdocs...')
#6 {main}
CRITICAL - 2022-01-04 16:13:45 --> Undefined property: App\Controllers\Offer::$session
#0 C:\xampp\htdocs\ci4\app\Controllers\Offer.php(59): CodeIgniter\Debug\Exceptions->errorHandler(2, 'Undefined prope...', 'C:\\xampp\\htdocs...', 59)
#1 C:\xampp\htdocs\ci4\system\CodeIgniter.php(824): App\Controllers\Offer->add()
#2 C:\xampp\htdocs\ci4\system\CodeIgniter.php(410): CodeIgniter\CodeIgniter->runController(Object(App\Controllers\Offer))
#3 C:\xampp\htdocs\ci4\system\CodeIgniter.php(318): CodeIgniter\CodeIgniter->handleRequest(NULL, Object(Config\Cache), false)
#4 C:\xampp\htdocs\ci4\public\index.php(37): CodeIgniter\CodeIgniter->run()
#5 C:\xampp\htdocs\ci4\system\Commands\Server\rewrite.php(43): require_once('C:\\xampp\\htdocs...')
#6 {main}
CRITICAL - 2022-01-04 16:15:05 --> Undefined variable $_SESSION
#0 C:\xampp\htdocs\ci4\app\Controllers\Offer.php(59): CodeIgniter\Debug\Exceptions->errorHandler(2, 'Undefined varia...', 'C:\\xampp\\htdocs...', 59)
#1 C:\xampp\htdocs\ci4\system\CodeIgniter.php(824): App\Controllers\Offer->add()
#2 C:\xampp\htdocs\ci4\system\CodeIgniter.php(410): CodeIgniter\CodeIgniter->runController(Object(App\Controllers\Offer))
#3 C:\xampp\htdocs\ci4\system\CodeIgniter.php(318): CodeIgniter\CodeIgniter->handleRequest(NULL, Object(Config\Cache), false)
#4 C:\xampp\htdocs\ci4\public\index.php(37): CodeIgniter\CodeIgniter->run()
#5 C:\xampp\htdocs\ci4\system\Commands\Server\rewrite.php(43): require_once('C:\\xampp\\htdocs...')
#6 {main}
CRITICAL - 2022-01-04 16:47:17 --> Undefined property: CodeIgniter\View\View::$db
#0 C:\xampp\htdocs\ci4\app\Views\dashboard\index.php(149): CodeIgniter\Debug\Exceptions->errorHandler(2, 'Undefined prope...', 'C:\\xampp\\htdocs...', 149)
#1 C:\xampp\htdocs\ci4\system\View\View.php(214): include('C:\\xampp\\htdocs...')
#2 C:\xampp\htdocs\ci4\system\View\View.php(217): CodeIgniter\View\View->CodeIgniter\View\{closure}()
#3 C:\xampp\htdocs\ci4\system\Common.php(1097): CodeIgniter\View\View->render('dashboard/index', Array, true)
#4 C:\xampp\htdocs\ci4\app\Controllers\Dashboard.php(9): view('dashboard/index')
#5 C:\xampp\htdocs\ci4\system\CodeIgniter.php(824): App\Controllers\Dashboard->index()
#6 C:\xampp\htdocs\ci4\system\CodeIgniter.php(410): CodeIgniter\CodeIgniter->runController(Object(App\Controllers\Dashboard))
#7 C:\xampp\htdocs\ci4\system\CodeIgniter.php(318): CodeIgniter\CodeIgniter->handleRequest(NULL, Object(Config\Cache), false)
#8 C:\xampp\htdocs\ci4\public\index.php(37): CodeIgniter\CodeIgniter->run()
#9 C:\xampp\htdocs\ci4\system\Commands\Server\rewrite.php(43): require_once('C:\\xampp\\htdocs...')
#10 {main}
CRITICAL - 2022-01-04 17:15:25 --> syntax error, unexpected token "if"
#0 C:\xampp\htdocs\ci4\system\CodeIgniter.php(359): CodeIgniter\CodeIgniter->tryToRouteIt(NULL)
#1 C:\xampp\htdocs\ci4\system\CodeIgniter.php(318): CodeIgniter\CodeIgniter->handleRequest(NULL, Object(Config\Cache), false)
#2 C:\xampp\htdocs\ci4\public\index.php(37): CodeIgniter\CodeIgniter->run()
#3 C:\xampp\htdocs\ci4\system\Commands\Server\rewrite.php(43): require_once('C:\\xampp\\htdocs...')
#4 {main}
CRITICAL - 2022-01-04 17:15:28 --> syntax error, unexpected token "if"
#0 C:\xampp\htdocs\ci4\system\CodeIgniter.php(359): CodeIgniter\CodeIgniter->tryToRouteIt(NULL)
#1 C:\xampp\htdocs\ci4\system\CodeIgniter.php(318): CodeIgniter\CodeIgniter->handleRequest(NULL, Object(Config\Cache), false)
#2 C:\xampp\htdocs\ci4\public\index.php(37): CodeIgniter\CodeIgniter->run()
#3 C:\xampp\htdocs\ci4\system\Commands\Server\rewrite.php(43): require_once('C:\\xampp\\htdocs...')
#4 {main}
CRITICAL - 2022-01-04 17:22:03 --> Class "App\Models\OfferModel" not found
#0 C:\xampp\htdocs\ci4\system\CodeIgniter.php(824): App\Controllers\Dashboard->index()
#1 C:\xampp\htdocs\ci4\system\CodeIgniter.php(410): CodeIgniter\CodeIgniter->runController(Object(App\Controllers\Dashboard))
#2 C:\xampp\htdocs\ci4\system\CodeIgniter.php(318): CodeIgniter\CodeIgniter->handleRequest(NULL, Object(Config\Cache), false)
#3 C:\xampp\htdocs\ci4\public\index.php(37): CodeIgniter\CodeIgniter->run()
#4 C:\xampp\htdocs\ci4\system\Commands\Server\rewrite.php(43): require_once('C:\\xampp\\htdocs...')
#5 {main}
CRITICAL - 2022-01-04 17:22:18 --> Class "App\Models\OfferModel" not found
#0 C:\xampp\htdocs\ci4\system\CodeIgniter.php(824): App\Controllers\Dashboard->index()
#1 C:\xampp\htdocs\ci4\system\CodeIgniter.php(410): CodeIgniter\CodeIgniter->runController(Object(App\Controllers\Dashboard))
#2 C:\xampp\htdocs\ci4\system\CodeIgniter.php(318): CodeIgniter\CodeIgniter->handleRequest(NULL, Object(Config\Cache), false)
#3 C:\xampp\htdocs\ci4\public\index.php(37): CodeIgniter\CodeIgniter->run()
#4 C:\xampp\htdocs\ci4\system\Commands\Server\rewrite.php(43): require_once('C:\\xampp\\htdocs...')
#5 {main}
CRITICAL - 2022-01-04 17:24:07 --> Class "App\Models\OfferModel" not found
#0 C:\xampp\htdocs\ci4\system\CodeIgniter.php(824): App\Controllers\Dashboard->index()
#1 C:\xampp\htdocs\ci4\system\CodeIgniter.php(410): CodeIgniter\CodeIgniter->runController(Object(App\Controllers\Dashboard))
#2 C:\xampp\htdocs\ci4\system\CodeIgniter.php(318): CodeIgniter\CodeIgniter->handleRequest(NULL, Object(Config\Cache), false)
#3 C:\xampp\htdocs\ci4\public\index.php(37): CodeIgniter\CodeIgniter->run()
#4 C:\xampp\htdocs\ci4\system\Commands\Server\rewrite.php(43): require_once('C:\\xampp\\htdocs...')
#5 {main}
CRITICAL - 2022-01-04 17:24:28 --> Class "App\Controllers\OffersModel" not found
#0 C:\xampp\htdocs\ci4\system\CodeIgniter.php(824): App\Controllers\Dashboard->index()
#1 C:\xampp\htdocs\ci4\system\CodeIgniter.php(410): CodeIgniter\CodeIgniter->runController(Object(App\Controllers\Dashboard))
#2 C:\xampp\htdocs\ci4\system\CodeIgniter.php(318): CodeIgniter\CodeIgniter->handleRequest(NULL, Object(Config\Cache), false)
#3 C:\xampp\htdocs\ci4\public\index.php(37): CodeIgniter\CodeIgniter->run()
#4 C:\xampp\htdocs\ci4\system\Commands\Server\rewrite.php(43): require_once('C:\\xampp\\htdocs...')
#5 {main}
CRITICAL - 2022-01-04 17:24:34 --> Class "App\Controllers\OffersModel" not found
#0 C:\xampp\htdocs\ci4\system\CodeIgniter.php(824): App\Controllers\Dashboard->index()
#1 C:\xampp\htdocs\ci4\system\CodeIgniter.php(410): CodeIgniter\CodeIgniter->runController(Object(App\Controllers\Dashboard))
#2 C:\xampp\htdocs\ci4\system\CodeIgniter.php(318): CodeIgniter\CodeIgniter->handleRequest(NULL, Object(Config\Cache), false)
#3 C:\xampp\htdocs\ci4\public\index.php(37): CodeIgniter\CodeIgniter->run()
#4 C:\xampp\htdocs\ci4\system\Commands\Server\rewrite.php(43): require_once('C:\\xampp\\htdocs...')
#5 {main}
CRITICAL - 2022-01-04 17:24:48 --> Class "App\Controllers\OffersModel" not found
#0 C:\xampp\htdocs\ci4\system\CodeIgniter.php(824): App\Controllers\Dashboard->index()
#1 C:\xampp\htdocs\ci4\system\CodeIgniter.php(410): CodeIgniter\CodeIgniter->runController(Object(App\Controllers\Dashboard))
#2 C:\xampp\htdocs\ci4\system\CodeIgniter.php(318): CodeIgniter\CodeIgniter->handleRequest(NULL, Object(Config\Cache), false)
#3 C:\xampp\htdocs\ci4\public\index.php(37): CodeIgniter\CodeIgniter->run()
#4 C:\xampp\htdocs\ci4\system\Commands\Server\rewrite.php(43): require_once('C:\\xampp\\htdocs...')
#5 {main}
CRITICAL - 2022-01-04 17:25:19 --> Class "App\Controllers\OffersModel" not found
#0 C:\xampp\htdocs\ci4\system\CodeIgniter.php(824): App\Controllers\Dashboard->index()
#1 C:\xampp\htdocs\ci4\system\CodeIgniter.php(410): CodeIgniter\CodeIgniter->runController(Object(App\Controllers\Dashboard))
#2 C:\xampp\htdocs\ci4\system\CodeIgniter.php(318): CodeIgniter\CodeIgniter->handleRequest(NULL, Object(Config\Cache), false)
#3 C:\xampp\htdocs\ci4\public\index.php(37): CodeIgniter\CodeIgniter->run()
#4 C:\xampp\htdocs\ci4\system\Commands\Server\rewrite.php(43): require_once('C:\\xampp\\htdocs...')
#5 {main}
CRITICAL - 2022-01-04 17:25:23 --> Class "App\Controllers\OffersModel" not found
#0 C:\xampp\htdocs\ci4\system\CodeIgniter.php(824): App\Controllers\Dashboard->index()
#1 C:\xampp\htdocs\ci4\system\CodeIgniter.php(410): CodeIgniter\CodeIgniter->runController(Object(App\Controllers\Dashboard))
#2 C:\xampp\htdocs\ci4\system\CodeIgniter.php(318): CodeIgniter\CodeIgniter->handleRequest(NULL, Object(Config\Cache), false)
#3 C:\xampp\htdocs\ci4\public\index.php(37): CodeIgniter\CodeIgniter->run()
#4 C:\xampp\htdocs\ci4\system\Commands\Server\rewrite.php(43): require_once('C:\\xampp\\htdocs...')
#5 {main}
CRITICAL - 2022-01-04 17:25:36 --> Class "App\Controllers\OffersModel" not found
#0 C:\xampp\htdocs\ci4\system\CodeIgniter.php(824): App\Controllers\Dashboard->index()
#1 C:\xampp\htdocs\ci4\system\CodeIgniter.php(410): CodeIgniter\CodeIgniter->runController(Object(App\Controllers\Dashboard))
#2 C:\xampp\htdocs\ci4\system\CodeIgniter.php(318): CodeIgniter\CodeIgniter->handleRequest(NULL, Object(Config\Cache), false)
#3 C:\xampp\htdocs\ci4\public\index.php(37): CodeIgniter\CodeIgniter->run()
#4 C:\xampp\htdocs\ci4\system\Commands\Server\rewrite.php(43): require_once('C:\\xampp\\htdocs...')
#5 {main}
CRITICAL - 2022-01-04 17:25:58 --> Class "App\Controllers\OffersModel" not found
#0 C:\xampp\htdocs\ci4\system\CodeIgniter.php(824): App\Controllers\Dashboard->index()
#1 C:\xampp\htdocs\ci4\system\CodeIgniter.php(410): CodeIgniter\CodeIgniter->runController(Object(App\Controllers\Dashboard))
#2 C:\xampp\htdocs\ci4\system\CodeIgniter.php(318): CodeIgniter\CodeIgniter->handleRequest(NULL, Object(Config\Cache), false)
#3 C:\xampp\htdocs\ci4\public\index.php(37): CodeIgniter\CodeIgniter->run()
#4 C:\xampp\htdocs\ci4\system\Commands\Server\rewrite.php(43): require_once('C:\\xampp\\htdocs...')
#5 {main}
CRITICAL - 2022-01-04 17:32:23 --> syntax error, unexpected token "endforeach", expecting end of file
#0 C:\xampp\htdocs\ci4\system\View\View.php(217): CodeIgniter\View\View->CodeIgniter\View\{closure}()
#1 C:\xampp\htdocs\ci4\system\Common.php(1097): CodeIgniter\View\View->render('dashboard/index', Array, true)
#2 C:\xampp\htdocs\ci4\app\Controllers\Dashboard.php(12): view('dashboard/index', Array)
#3 C:\xampp\htdocs\ci4\system\CodeIgniter.php(824): App\Controllers\Dashboard->index()
#4 C:\xampp\htdocs\ci4\system\CodeIgniter.php(410): CodeIgniter\CodeIgniter->runController(Object(App\Controllers\Dashboard))
#5 C:\xampp\htdocs\ci4\system\CodeIgniter.php(318): CodeIgniter\CodeIgniter->handleRequest(NULL, Object(Config\Cache), false)
#6 C:\xampp\htdocs\ci4\public\index.php(37): CodeIgniter\CodeIgniter->run()
#7 C:\xampp\htdocs\ci4\system\Commands\Server\rewrite.php(43): require_once('C:\\xampp\\htdocs...')
#8 {main}
CRITICAL - 2022-01-04 17:33:01 --> Undefined constant "title"
#0 C:\xampp\htdocs\ci4\system\View\View.php(214): include()
#1 C:\xampp\htdocs\ci4\system\View\View.php(217): CodeIgniter\View\View->CodeIgniter\View\{closure}()
#2 C:\xampp\htdocs\ci4\system\Common.php(1097): CodeIgniter\View\View->render('dashboard/index', Array, true)
#3 C:\xampp\htdocs\ci4\app\Controllers\Dashboard.php(12): view('dashboard/index', Array)
#4 C:\xampp\htdocs\ci4\system\CodeIgniter.php(824): App\Controllers\Dashboard->index()
#5 C:\xampp\htdocs\ci4\system\CodeIgniter.php(410): CodeIgniter\CodeIgniter->runController(Object(App\Controllers\Dashboard))
#6 C:\xampp\htdocs\ci4\system\CodeIgniter.php(318): CodeIgniter\CodeIgniter->handleRequest(NULL, Object(Config\Cache), false)
#7 C:\xampp\htdocs\ci4\public\index.php(37): CodeIgniter\CodeIgniter->run()
#8 C:\xampp\htdocs\ci4\system\Commands\Server\rewrite.php(43): require_once('C:\\xampp\\htdocs...')
#9 {main}
CRITICAL - 2022-01-04 17:33:02 --> Undefined constant "title"
#0 C:\xampp\htdocs\ci4\system\View\View.php(214): include()
#1 C:\xampp\htdocs\ci4\system\View\View.php(217): CodeIgniter\View\View->CodeIgniter\View\{closure}()
#2 C:\xampp\htdocs\ci4\system\Common.php(1097): CodeIgniter\View\View->render('dashboard/index', Array, true)
#3 C:\xampp\htdocs\ci4\app\Controllers\Dashboard.php(12): view('dashboard/index', Array)
#4 C:\xampp\htdocs\ci4\system\CodeIgniter.php(824): App\Controllers\Dashboard->index()
#5 C:\xampp\htdocs\ci4\system\CodeIgniter.php(410): CodeIgniter\CodeIgniter->runController(Object(App\Controllers\Dashboard))
#6 C:\xampp\htdocs\ci4\system\CodeIgniter.php(318): CodeIgniter\CodeIgniter->handleRequest(NULL, Object(Config\Cache), false)
#7 C:\xampp\htdocs\ci4\public\index.php(37): CodeIgniter\CodeIgniter->run()
#8 C:\xampp\htdocs\ci4\system\Commands\Server\rewrite.php(43): require_once('C:\\xampp\\htdocs...')
#9 {main}
CRITICAL - 2022-01-04 17:33:07 --> Undefined constant "title"
#0 C:\xampp\htdocs\ci4\system\View\View.php(214): include()
#1 C:\xampp\htdocs\ci4\system\View\View.php(217): CodeIgniter\View\View->CodeIgniter\View\{closure}()
#2 C:\xampp\htdocs\ci4\system\Common.php(1097): CodeIgniter\View\View->render('dashboard/index', Array, true)
#3 C:\xampp\htdocs\ci4\app\Controllers\Dashboard.php(12): view('dashboard/index', Array)
#4 C:\xampp\htdocs\ci4\system\CodeIgniter.php(824): App\Controllers\Dashboard->index()
#5 C:\xampp\htdocs\ci4\system\CodeIgniter.php(410): CodeIgniter\CodeIgniter->runController(Object(App\Controllers\Dashboard))
#6 C:\xampp\htdocs\ci4\system\CodeIgniter.php(318): CodeIgniter\CodeIgniter->handleRequest(NULL, Object(Config\Cache), false)
#7 C:\xampp\htdocs\ci4\public\index.php(37): CodeIgniter\CodeIgniter->run()
#8 C:\xampp\htdocs\ci4\system\Commands\Server\rewrite.php(43): require_once('C:\\xampp\\htdocs...')
#9 {main}
