CRITICAL - 2022-01-30 11:46:54 --> Undefined variable $db
#0 C:\xampp\htdocs\ci4\app\Controllers\Dashboard.php(32): CodeIgniter\Debug\Exceptions->errorHandler(2, 'Undefined varia...', 'C:\\xampp\\htdocs...', 32)
#1 C:\xampp\htdocs\ci4\system\CodeIgniter.php(824): App\Controllers\Dashboard->viewCategory('2')
#2 C:\xampp\htdocs\ci4\system\CodeIgniter.php(410): CodeIgniter\CodeIgniter->runController(Object(App\Controllers\Dashboard))
#3 C:\xampp\htdocs\ci4\system\CodeIgniter.php(318): CodeIgniter\CodeIgniter->handleRequest(NULL, Object(Config\Cache), false)
#4 C:\xampp\htdocs\ci4\public\index.php(37): CodeIgniter\CodeIgniter->run()
#5 C:\xampp\htdocs\ci4\system\Commands\Server\rewrite.php(43): require_once('C:\\xampp\\htdocs...')
#6 {main}
CRITICAL - 2022-01-30 11:47:00 --> Undefined variable $db
#0 C:\xampp\htdocs\ci4\app\Controllers\Dashboard.php(32): CodeIgniter\Debug\Exceptions->errorHandler(2, 'Undefined varia...', 'C:\\xampp\\htdocs...', 32)
#1 C:\xampp\htdocs\ci4\system\CodeIgniter.php(824): App\Controllers\Dashboard->viewCategory('5')
#2 C:\xampp\htdocs\ci4\system\CodeIgniter.php(410): CodeIgniter\CodeIgniter->runController(Object(App\Controllers\Dashboard))
#3 C:\xampp\htdocs\ci4\system\CodeIgniter.php(318): CodeIgniter\CodeIgniter->handleRequest(NULL, Object(Config\Cache), false)
#4 C:\xampp\htdocs\ci4\public\index.php(37): CodeIgniter\CodeIgniter->run()
#5 C:\xampp\htdocs\ci4\system\Commands\Server\rewrite.php(43): require_once('C:\\xampp\\htdocs...')
#6 {main}
CRITICAL - 2022-01-30 11:52:47 --> Undefined property: App\Controllers\Dashboard::$db
#0 C:\xampp\htdocs\ci4\app\Controllers\Dashboard.php(30): CodeIgniter\Debug\Exceptions->errorHandler(2, 'Undefined prope...', 'C:\\xampp\\htdocs...', 30)
#1 C:\xampp\htdocs\ci4\system\CodeIgniter.php(824): App\Controllers\Dashboard->viewCategory('4')
#2 C:\xampp\htdocs\ci4\system\CodeIgniter.php(410): CodeIgniter\CodeIgniter->runController(Object(App\Controllers\Dashboard))
#3 C:\xampp\htdocs\ci4\system\CodeIgniter.php(318): CodeIgniter\CodeIgniter->handleRequest(NULL, Object(Config\Cache), false)
#4 C:\xampp\htdocs\ci4\public\index.php(37): CodeIgniter\CodeIgniter->run()
#5 C:\xampp\htdocs\ci4\system\Commands\Server\rewrite.php(43): require_once('C:\\xampp\\htdocs...')
#6 {main}
CRITICAL - 2022-01-30 11:52:50 --> Undefined property: App\Controllers\Dashboard::$db
#0 C:\xampp\htdocs\ci4\app\Controllers\Dashboard.php(30): CodeIgniter\Debug\Exceptions->errorHandler(2, 'Undefined prope...', 'C:\\xampp\\htdocs...', 30)
#1 C:\xampp\htdocs\ci4\system\CodeIgniter.php(824): App\Controllers\Dashboard->viewCategory('3')
#2 C:\xampp\htdocs\ci4\system\CodeIgniter.php(410): CodeIgniter\CodeIgniter->runController(Object(App\Controllers\Dashboard))
#3 C:\xampp\htdocs\ci4\system\CodeIgniter.php(318): CodeIgniter\CodeIgniter->handleRequest(NULL, Object(Config\Cache), false)
#4 C:\xampp\htdocs\ci4\public\index.php(37): CodeIgniter\CodeIgniter->run()
#5 C:\xampp\htdocs\ci4\system\Commands\Server\rewrite.php(43): require_once('C:\\xampp\\htdocs...')
#6 {main}
CRITICAL - 2022-01-30 11:57:34 --> Undefined property: App\Controllers\Dashboard::$db
#0 C:\xampp\htdocs\ci4\app\Controllers\Dashboard.php(30): CodeIgniter\Debug\Exceptions->errorHandler(2, 'Undefined prope...', 'C:\\xampp\\htdocs...', 30)
#1 C:\xampp\htdocs\ci4\system\CodeIgniter.php(824): App\Controllers\Dashboard->viewCategory('3')
#2 C:\xampp\htdocs\ci4\system\CodeIgniter.php(410): CodeIgniter\CodeIgniter->runController(Object(App\Controllers\Dashboard))
#3 C:\xampp\htdocs\ci4\system\CodeIgniter.php(318): CodeIgniter\CodeIgniter->handleRequest(NULL, Object(Config\Cache), false)
#4 C:\xampp\htdocs\ci4\public\index.php(37): CodeIgniter\CodeIgniter->run()
#5 C:\xampp\htdocs\ci4\system\Commands\Server\rewrite.php(43): require_once('C:\\xampp\\htdocs...')
#6 {main}
CRITICAL - 2022-01-30 11:57:37 --> Undefined property: App\Controllers\Dashboard::$db
#0 C:\xampp\htdocs\ci4\app\Controllers\Dashboard.php(30): CodeIgniter\Debug\Exceptions->errorHandler(2, 'Undefined prope...', 'C:\\xampp\\htdocs...', 30)
#1 C:\xampp\htdocs\ci4\system\CodeIgniter.php(824): App\Controllers\Dashboard->viewCategory('6')
#2 C:\xampp\htdocs\ci4\system\CodeIgniter.php(410): CodeIgniter\CodeIgniter->runController(Object(App\Controllers\Dashboard))
#3 C:\xampp\htdocs\ci4\system\CodeIgniter.php(318): CodeIgniter\CodeIgniter->handleRequest(NULL, Object(Config\Cache), false)
#4 C:\xampp\htdocs\ci4\public\index.php(37): CodeIgniter\CodeIgniter->run()
#5 C:\xampp\htdocs\ci4\system\Commands\Server\rewrite.php(43): require_once('C:\\xampp\\htdocs...')
#6 {main}
CRITICAL - 2022-01-30 11:58:25 --> Undefined property: App\Controllers\Dashboard::$db
#0 C:\xampp\htdocs\ci4\app\Controllers\Dashboard.php(30): CodeIgniter\Debug\Exceptions->errorHandler(2, 'Undefined prope...', 'C:\\xampp\\htdocs...', 30)
#1 C:\xampp\htdocs\ci4\system\CodeIgniter.php(824): App\Controllers\Dashboard->viewCategory('3')
#2 C:\xampp\htdocs\ci4\system\CodeIgniter.php(410): CodeIgniter\CodeIgniter->runController(Object(App\Controllers\Dashboard))
#3 C:\xampp\htdocs\ci4\system\CodeIgniter.php(318): CodeIgniter\CodeIgniter->handleRequest(NULL, Object(Config\Cache), false)
#4 C:\xampp\htdocs\ci4\public\index.php(37): CodeIgniter\CodeIgniter->run()
#5 C:\xampp\htdocs\ci4\system\Commands\Server\rewrite.php(43): require_once('C:\\xampp\\htdocs...')
#6 {main}
CRITICAL - 2022-01-30 12:00:49 --> Undefined property: CodeIgniter\Database\MySQLi\Result::$getRow
#0 C:\xampp\htdocs\ci4\app\Controllers\Dashboard.php(33): CodeIgniter\Debug\Exceptions->errorHandler(2, 'Undefined prope...', 'C:\\xampp\\htdocs...', 33)
#1 C:\xampp\htdocs\ci4\system\CodeIgniter.php(824): App\Controllers\Dashboard->viewCategory('3')
#2 C:\xampp\htdocs\ci4\system\CodeIgniter.php(410): CodeIgniter\CodeIgniter->runController(Object(App\Controllers\Dashboard))
#3 C:\xampp\htdocs\ci4\system\CodeIgniter.php(318): CodeIgniter\CodeIgniter->handleRequest(NULL, Object(Config\Cache), false)
#4 C:\xampp\htdocs\ci4\public\index.php(37): CodeIgniter\CodeIgniter->run()
#5 C:\xampp\htdocs\ci4\system\Commands\Server\rewrite.php(43): require_once('C:\\xampp\\htdocs...')
#6 {main}
CRITICAL - 2022-01-30 12:00:52 --> Undefined property: CodeIgniter\Database\MySQLi\Result::$getRow
#0 C:\xampp\htdocs\ci4\app\Controllers\Dashboard.php(33): CodeIgniter\Debug\Exceptions->errorHandler(2, 'Undefined prope...', 'C:\\xampp\\htdocs...', 33)
#1 C:\xampp\htdocs\ci4\system\CodeIgniter.php(824): App\Controllers\Dashboard->viewCategory('5')
#2 C:\xampp\htdocs\ci4\system\CodeIgniter.php(410): CodeIgniter\CodeIgniter->runController(Object(App\Controllers\Dashboard))
#3 C:\xampp\htdocs\ci4\system\CodeIgniter.php(318): CodeIgniter\CodeIgniter->handleRequest(NULL, Object(Config\Cache), false)
#4 C:\xampp\htdocs\ci4\public\index.php(37): CodeIgniter\CodeIgniter->run()
#5 C:\xampp\htdocs\ci4\system\Commands\Server\rewrite.php(43): require_once('C:\\xampp\\htdocs...')
#6 {main}
CRITICAL - 2022-01-30 12:03:00 --> Undefined property: CodeIgniter\Database\MySQLi\Result::$getRow
#0 C:\xampp\htdocs\ci4\app\Controllers\Dashboard.php(35): CodeIgniter\Debug\Exceptions->errorHandler(2, 'Undefined prope...', 'C:\\xampp\\htdocs...', 35)
#1 C:\xampp\htdocs\ci4\system\CodeIgniter.php(824): App\Controllers\Dashboard->viewCategory('5')
#2 C:\xampp\htdocs\ci4\system\CodeIgniter.php(410): CodeIgniter\CodeIgniter->runController(Object(App\Controllers\Dashboard))
#3 C:\xampp\htdocs\ci4\system\CodeIgniter.php(318): CodeIgniter\CodeIgniter->handleRequest(NULL, Object(Config\Cache), false)
#4 C:\xampp\htdocs\ci4\public\index.php(37): CodeIgniter\CodeIgniter->run()
#5 C:\xampp\htdocs\ci4\system\Commands\Server\rewrite.php(43): require_once('C:\\xampp\\htdocs...')
#6 {main}
CRITICAL - 2022-01-30 12:03:02 --> Undefined property: CodeIgniter\Database\MySQLi\Result::$getRow
#0 C:\xampp\htdocs\ci4\app\Controllers\Dashboard.php(35): CodeIgniter\Debug\Exceptions->errorHandler(2, 'Undefined prope...', 'C:\\xampp\\htdocs...', 35)
#1 C:\xampp\htdocs\ci4\system\CodeIgniter.php(824): App\Controllers\Dashboard->viewCategory('4')
#2 C:\xampp\htdocs\ci4\system\CodeIgniter.php(410): CodeIgniter\CodeIgniter->runController(Object(App\Controllers\Dashboard))
#3 C:\xampp\htdocs\ci4\system\CodeIgniter.php(318): CodeIgniter\CodeIgniter->handleRequest(NULL, Object(Config\Cache), false)
#4 C:\xampp\htdocs\ci4\public\index.php(37): CodeIgniter\CodeIgniter->run()
#5 C:\xampp\htdocs\ci4\system\Commands\Server\rewrite.php(43): require_once('C:\\xampp\\htdocs...')
#6 {main}
CRITICAL - 2022-01-30 12:03:05 --> Undefined property: CodeIgniter\Database\MySQLi\Result::$getRow
#0 C:\xampp\htdocs\ci4\app\Controllers\Dashboard.php(35): CodeIgniter\Debug\Exceptions->errorHandler(2, 'Undefined prope...', 'C:\\xampp\\htdocs...', 35)
#1 C:\xampp\htdocs\ci4\system\CodeIgniter.php(824): App\Controllers\Dashboard->viewCategory('4')
#2 C:\xampp\htdocs\ci4\system\CodeIgniter.php(410): CodeIgniter\CodeIgniter->runController(Object(App\Controllers\Dashboard))
#3 C:\xampp\htdocs\ci4\system\CodeIgniter.php(318): CodeIgniter\CodeIgniter->handleRequest(NULL, Object(Config\Cache), false)
#4 C:\xampp\htdocs\ci4\public\index.php(37): CodeIgniter\CodeIgniter->run()
#5 C:\xampp\htdocs\ci4\system\Commands\Server\rewrite.php(43): require_once('C:\\xampp\\htdocs...')
#6 {main}
CRITICAL - 2022-01-30 12:03:10 --> view(): Argument #2 ($data) must be of type array, stdClass given, called in C:\xampp\htdocs\ci4\app\Controllers\Dashboard.php on line 40
#0 C:\xampp\htdocs\ci4\app\Controllers\Dashboard.php(40): view('dashboard/viewc...', Object(stdClass))
#1 C:\xampp\htdocs\ci4\system\CodeIgniter.php(824): App\Controllers\Dashboard->viewCategory('4')
#2 C:\xampp\htdocs\ci4\system\CodeIgniter.php(410): CodeIgniter\CodeIgniter->runController(Object(App\Controllers\Dashboard))
#3 C:\xampp\htdocs\ci4\system\CodeIgniter.php(318): CodeIgniter\CodeIgniter->handleRequest(NULL, Object(Config\Cache), false)
#4 C:\xampp\htdocs\ci4\public\index.php(37): CodeIgniter\CodeIgniter->run()
#5 C:\xampp\htdocs\ci4\system\Commands\Server\rewrite.php(43): require_once('C:\\xampp\\htdocs...')
#6 {main}
CRITICAL - 2022-01-30 12:03:12 --> view(): Argument #2 ($data) must be of type array, stdClass given, called in C:\xampp\htdocs\ci4\app\Controllers\Dashboard.php on line 40
#0 C:\xampp\htdocs\ci4\app\Controllers\Dashboard.php(40): view('dashboard/viewc...', Object(stdClass))
#1 C:\xampp\htdocs\ci4\system\CodeIgniter.php(824): App\Controllers\Dashboard->viewCategory('4')
#2 C:\xampp\htdocs\ci4\system\CodeIgniter.php(410): CodeIgniter\CodeIgniter->runController(Object(App\Controllers\Dashboard))
#3 C:\xampp\htdocs\ci4\system\CodeIgniter.php(318): CodeIgniter\CodeIgniter->handleRequest(NULL, Object(Config\Cache), false)
#4 C:\xampp\htdocs\ci4\public\index.php(37): CodeIgniter\CodeIgniter->run()
#5 C:\xampp\htdocs\ci4\system\Commands\Server\rewrite.php(43): require_once('C:\\xampp\\htdocs...')
#6 {main}
CRITICAL - 2022-01-30 12:04:19 --> view(): Argument #2 ($data) must be of type array, null given, called in C:\xampp\htdocs\ci4\app\Controllers\Dashboard.php on line 40
#0 C:\xampp\htdocs\ci4\app\Controllers\Dashboard.php(40): view('dashboard/viewc...', NULL)
#1 C:\xampp\htdocs\ci4\system\CodeIgniter.php(824): App\Controllers\Dashboard->viewCategory('6')
#2 C:\xampp\htdocs\ci4\system\CodeIgniter.php(410): CodeIgniter\CodeIgniter->runController(Object(App\Controllers\Dashboard))
#3 C:\xampp\htdocs\ci4\system\CodeIgniter.php(318): CodeIgniter\CodeIgniter->handleRequest(NULL, Object(Config\Cache), false)
#4 C:\xampp\htdocs\ci4\public\index.php(37): CodeIgniter\CodeIgniter->run()
#5 C:\xampp\htdocs\ci4\system\Commands\Server\rewrite.php(43): require_once('C:\\xampp\\htdocs...')
#6 {main}
CRITICAL - 2022-01-30 12:23:05 --> Call to undefined method CodeIgniter\Database\MySQLi\Connection::select()
#0 C:\xampp\htdocs\ci4\system\CodeIgniter.php(824): App\Controllers\Dashboard->viewCategory('1=1')
#1 C:\xampp\htdocs\ci4\system\CodeIgniter.php(410): CodeIgniter\CodeIgniter->runController(Object(App\Controllers\Dashboard))
#2 C:\xampp\htdocs\ci4\system\CodeIgniter.php(318): CodeIgniter\CodeIgniter->handleRequest(NULL, Object(Config\Cache), false)
#3 C:\xampp\htdocs\ci4\public\index.php(37): CodeIgniter\CodeIgniter->run()
#4 C:\xampp\htdocs\ci4\system\Commands\Server\rewrite.php(43): require_once('C:\\xampp\\htdocs...')
#5 {main}
CRITICAL - 2022-01-30 12:23:07 --> Call to undefined method CodeIgniter\Database\MySQLi\Connection::select()
#0 C:\xampp\htdocs\ci4\system\CodeIgniter.php(824): App\Controllers\Dashboard->viewCategory('2 OR 1=1')
#1 C:\xampp\htdocs\ci4\system\CodeIgniter.php(410): CodeIgniter\CodeIgniter->runController(Object(App\Controllers\Dashboard))
#2 C:\xampp\htdocs\ci4\system\CodeIgniter.php(318): CodeIgniter\CodeIgniter->handleRequest(NULL, Object(Config\Cache), false)
#3 C:\xampp\htdocs\ci4\public\index.php(37): CodeIgniter\CodeIgniter->run()
#4 C:\xampp\htdocs\ci4\system\Commands\Server\rewrite.php(43): require_once('C:\\xampp\\htdocs...')
#5 {main}
CRITICAL - 2022-01-30 12:23:08 --> Call to undefined method CodeIgniter\Database\MySQLi\Connection::select()
#0 C:\xampp\htdocs\ci4\system\CodeIgniter.php(824): App\Controllers\Dashboard->viewCategory('1 OR 1=1')
#1 C:\xampp\htdocs\ci4\system\CodeIgniter.php(410): CodeIgniter\CodeIgniter->runController(Object(App\Controllers\Dashboard))
#2 C:\xampp\htdocs\ci4\system\CodeIgniter.php(318): CodeIgniter\CodeIgniter->handleRequest(NULL, Object(Config\Cache), false)
#3 C:\xampp\htdocs\ci4\public\index.php(37): CodeIgniter\CodeIgniter->run()
#4 C:\xampp\htdocs\ci4\system\Commands\Server\rewrite.php(43): require_once('C:\\xampp\\htdocs...')
#5 {main}
CRITICAL - 2022-01-30 12:23:09 --> Call to undefined method CodeIgniter\Database\MySQLi\Connection::select()
#0 C:\xampp\htdocs\ci4\system\CodeIgniter.php(824): App\Controllers\Dashboard->viewCategory('105 OR 1=1')
#1 C:\xampp\htdocs\ci4\system\CodeIgniter.php(410): CodeIgniter\CodeIgniter->runController(Object(App\Controllers\Dashboard))
#2 C:\xampp\htdocs\ci4\system\CodeIgniter.php(318): CodeIgniter\CodeIgniter->handleRequest(NULL, Object(Config\Cache), false)
#3 C:\xampp\htdocs\ci4\public\index.php(37): CodeIgniter\CodeIgniter->run()
#4 C:\xampp\htdocs\ci4\system\Commands\Server\rewrite.php(43): require_once('C:\\xampp\\htdocs...')
#5 {main}
CRITICAL - 2022-01-30 12:23:09 --> Call to undefined method CodeIgniter\Database\MySQLi\Connection::select()
#0 C:\xampp\htdocs\ci4\system\CodeIgniter.php(824): App\Controllers\Dashboard->viewCategory('1')
#1 C:\xampp\htdocs\ci4\system\CodeIgniter.php(410): CodeIgniter\CodeIgniter->runController(Object(App\Controllers\Dashboard))
#2 C:\xampp\htdocs\ci4\system\CodeIgniter.php(318): CodeIgniter\CodeIgniter->handleRequest(NULL, Object(Config\Cache), false)
#3 C:\xampp\htdocs\ci4\public\index.php(37): CodeIgniter\CodeIgniter->run()
#4 C:\xampp\htdocs\ci4\system\Commands\Server\rewrite.php(43): require_once('C:\\xampp\\htdocs...')
#5 {main}
CRITICAL - 2022-01-30 12:23:20 --> Call to undefined method CodeIgniter\Database\MySQLi\Connection::select()
#0 C:\xampp\htdocs\ci4\system\CodeIgniter.php(824): App\Controllers\Dashboard->viewCategory('2')
#1 C:\xampp\htdocs\ci4\system\CodeIgniter.php(410): CodeIgniter\CodeIgniter->runController(Object(App\Controllers\Dashboard))
#2 C:\xampp\htdocs\ci4\system\CodeIgniter.php(318): CodeIgniter\CodeIgniter->handleRequest(NULL, Object(Config\Cache), false)
#3 C:\xampp\htdocs\ci4\public\index.php(37): CodeIgniter\CodeIgniter->run()
#4 C:\xampp\htdocs\ci4\system\Commands\Server\rewrite.php(43): require_once('C:\\xampp\\htdocs...')
#5 {main}
CRITICAL - 2022-01-30 12:23:38 --> Undefined variable $fetch_data
#0 C:\xampp\htdocs\ci4\app\Views\dashboard\index.php(182): CodeIgniter\Debug\Exceptions->errorHandler(2, 'Undefined varia...', 'C:\\xampp\\htdocs...', 182)
#1 C:\xampp\htdocs\ci4\system\View\View.php(214): include('C:\\xampp\\htdocs...')
#2 C:\xampp\htdocs\ci4\system\View\View.php(217): CodeIgniter\View\View->CodeIgniter\View\{closure}()
#3 C:\xampp\htdocs\ci4\system\Common.php(1097): CodeIgniter\View\View->render('dashboard/index', Array, true)
#4 C:\xampp\htdocs\ci4\app\Controllers\Dashboard.php(21): view('dashboard/index', Array)
#5 C:\xampp\htdocs\ci4\system\CodeIgniter.php(824): App\Controllers\Dashboard->index()
#6 C:\xampp\htdocs\ci4\system\CodeIgniter.php(410): CodeIgniter\CodeIgniter->runController(Object(App\Controllers\Dashboard))
#7 C:\xampp\htdocs\ci4\system\CodeIgniter.php(318): CodeIgniter\CodeIgniter->handleRequest(NULL, Object(Config\Cache), false)
#8 C:\xampp\htdocs\ci4\public\index.php(37): CodeIgniter\CodeIgniter->run()
#9 C:\xampp\htdocs\ci4\system\Commands\Server\rewrite.php(43): require_once('C:\\xampp\\htdocs...')
#10 {main}
CRITICAL - 2022-01-30 12:23:41 --> Undefined variable $fetch_data
#0 C:\xampp\htdocs\ci4\app\Views\dashboard\index.php(182): CodeIgniter\Debug\Exceptions->errorHandler(2, 'Undefined varia...', 'C:\\xampp\\htdocs...', 182)
#1 C:\xampp\htdocs\ci4\system\View\View.php(214): include('C:\\xampp\\htdocs...')
#2 C:\xampp\htdocs\ci4\system\View\View.php(217): CodeIgniter\View\View->CodeIgniter\View\{closure}()
#3 C:\xampp\htdocs\ci4\system\Common.php(1097): CodeIgniter\View\View->render('dashboard/index', Array, true)
#4 C:\xampp\htdocs\ci4\app\Controllers\Dashboard.php(21): view('dashboard/index', Array)
#5 C:\xampp\htdocs\ci4\system\CodeIgniter.php(824): App\Controllers\Dashboard->index()
#6 C:\xampp\htdocs\ci4\system\CodeIgniter.php(410): CodeIgniter\CodeIgniter->runController(Object(App\Controllers\Dashboard))
#7 C:\xampp\htdocs\ci4\system\CodeIgniter.php(318): CodeIgniter\CodeIgniter->handleRequest(NULL, Object(Config\Cache), false)
#8 C:\xampp\htdocs\ci4\public\index.php(37): CodeIgniter\CodeIgniter->run()
#9 C:\xampp\htdocs\ci4\system\Commands\Server\rewrite.php(43): require_once('C:\\xampp\\htdocs...')
#10 {main}
CRITICAL - 2022-01-30 12:23:44 --> Undefined variable $fetch_data
#0 C:\xampp\htdocs\ci4\app\Views\dashboard\index.php(182): CodeIgniter\Debug\Exceptions->errorHandler(2, 'Undefined varia...', 'C:\\xampp\\htdocs...', 182)
#1 C:\xampp\htdocs\ci4\system\View\View.php(214): include('C:\\xampp\\htdocs...')
#2 C:\xampp\htdocs\ci4\system\View\View.php(217): CodeIgniter\View\View->CodeIgniter\View\{closure}()
#3 C:\xampp\htdocs\ci4\system\Common.php(1097): CodeIgniter\View\View->render('dashboard/index', Array, true)
#4 C:\xampp\htdocs\ci4\app\Controllers\Dashboard.php(21): view('dashboard/index', Array)
#5 C:\xampp\htdocs\ci4\system\CodeIgniter.php(824): App\Controllers\Dashboard->index()
#6 C:\xampp\htdocs\ci4\system\CodeIgniter.php(410): CodeIgniter\CodeIgniter->runController(Object(App\Controllers\Dashboard))
#7 C:\xampp\htdocs\ci4\system\CodeIgniter.php(318): CodeIgniter\CodeIgniter->handleRequest(NULL, Object(Config\Cache), false)
#8 C:\xampp\htdocs\ci4\public\index.php(37): CodeIgniter\CodeIgniter->run()
#9 C:\xampp\htdocs\ci4\system\Commands\Server\rewrite.php(43): require_once('C:\\xampp\\htdocs...')
#10 {main}
CRITICAL - 2022-01-30 12:25:28 --> Call to undefined method CodeIgniter\Database\MySQLi\Connection::select()
#0 C:\xampp\htdocs\ci4\system\CodeIgniter.php(824): App\Controllers\Dashboard->viewCategory('2')
#1 C:\xampp\htdocs\ci4\system\CodeIgniter.php(410): CodeIgniter\CodeIgniter->runController(Object(App\Controllers\Dashboard))
#2 C:\xampp\htdocs\ci4\system\CodeIgniter.php(318): CodeIgniter\CodeIgniter->handleRequest(NULL, Object(Config\Cache), false)
#3 C:\xampp\htdocs\ci4\public\index.php(37): CodeIgniter\CodeIgniter->run()
#4 C:\xampp\htdocs\ci4\system\Commands\Server\rewrite.php(43): require_once('C:\\xampp\\htdocs...')
#5 {main}
CRITICAL - 2022-01-30 12:27:23 --> Undefined property: App\Controllers\Dashboard::$main_model
#0 C:\xampp\htdocs\ci4\app\Controllers\Dashboard.php(20): CodeIgniter\Debug\Exceptions->errorHandler(2, 'Undefined prope...', 'C:\\xampp\\htdocs...', 20)
#1 C:\xampp\htdocs\ci4\system\CodeIgniter.php(824): App\Controllers\Dashboard->index()
#2 C:\xampp\htdocs\ci4\system\CodeIgniter.php(410): CodeIgniter\CodeIgniter->runController(Object(App\Controllers\Dashboard))
#3 C:\xampp\htdocs\ci4\system\CodeIgniter.php(318): CodeIgniter\CodeIgniter->handleRequest(NULL, Object(Config\Cache), false)
#4 C:\xampp\htdocs\ci4\public\index.php(37): CodeIgniter\CodeIgniter->run()
#5 C:\xampp\htdocs\ci4\system\Commands\Server\rewrite.php(43): require_once('C:\\xampp\\htdocs...')
#6 {main}
CRITICAL - 2022-01-30 12:27:37 --> Undefined property: App\Controllers\Dashboard::$main_model
#0 C:\xampp\htdocs\ci4\app\Controllers\Dashboard.php(20): CodeIgniter\Debug\Exceptions->errorHandler(2, 'Undefined prope...', 'C:\\xampp\\htdocs...', 20)
#1 C:\xampp\htdocs\ci4\system\CodeIgniter.php(824): App\Controllers\Dashboard->index()
#2 C:\xampp\htdocs\ci4\system\CodeIgniter.php(410): CodeIgniter\CodeIgniter->runController(Object(App\Controllers\Dashboard))
#3 C:\xampp\htdocs\ci4\system\CodeIgniter.php(318): CodeIgniter\CodeIgniter->handleRequest(NULL, Object(Config\Cache), false)
#4 C:\xampp\htdocs\ci4\public\index.php(37): CodeIgniter\CodeIgniter->run()
#5 C:\xampp\htdocs\ci4\system\Commands\Server\rewrite.php(43): require_once('C:\\xampp\\htdocs...')
#6 {main}
CRITICAL - 2022-01-30 12:27:39 --> Undefined property: App\Controllers\Dashboard::$main_model
#0 C:\xampp\htdocs\ci4\app\Controllers\Dashboard.php(20): CodeIgniter\Debug\Exceptions->errorHandler(2, 'Undefined prope...', 'C:\\xampp\\htdocs...', 20)
#1 C:\xampp\htdocs\ci4\system\CodeIgniter.php(824): App\Controllers\Dashboard->index()
#2 C:\xampp\htdocs\ci4\system\CodeIgniter.php(410): CodeIgniter\CodeIgniter->runController(Object(App\Controllers\Dashboard))
#3 C:\xampp\htdocs\ci4\system\CodeIgniter.php(318): CodeIgniter\CodeIgniter->handleRequest(NULL, Object(Config\Cache), false)
#4 C:\xampp\htdocs\ci4\public\index.php(37): CodeIgniter\CodeIgniter->run()
#5 C:\xampp\htdocs\ci4\system\Commands\Server\rewrite.php(43): require_once('C:\\xampp\\htdocs...')
#6 {main}
CRITICAL - 2022-01-30 12:33:11 --> Undefined variable $query
#0 C:\xampp\htdocs\ci4\app\Controllers\Dashboard.php(38): CodeIgniter\Debug\Exceptions->errorHandler(2, 'Undefined varia...', 'C:\\xampp\\htdocs...', 38)
#1 C:\xampp\htdocs\ci4\system\CodeIgniter.php(824): App\Controllers\Dashboard->viewCategory('1')
#2 C:\xampp\htdocs\ci4\system\CodeIgniter.php(410): CodeIgniter\CodeIgniter->runController(Object(App\Controllers\Dashboard))
#3 C:\xampp\htdocs\ci4\system\CodeIgniter.php(318): CodeIgniter\CodeIgniter->handleRequest(NULL, Object(Config\Cache), false)
#4 C:\xampp\htdocs\ci4\public\index.php(37): CodeIgniter\CodeIgniter->run()
#5 C:\xampp\htdocs\ci4\system\Commands\Server\rewrite.php(43): require_once('C:\\xampp\\htdocs...')
#6 {main}
CRITICAL - 2022-01-30 12:41:54 --> Call to a member function isValid() on null
#0 C:\xampp\htdocs\ci4\system\CodeIgniter.php(824): App\Controllers\Offer->add()
#1 C:\xampp\htdocs\ci4\system\CodeIgniter.php(410): CodeIgniter\CodeIgniter->runController(Object(App\Controllers\Offer))
#2 C:\xampp\htdocs\ci4\system\CodeIgniter.php(318): CodeIgniter\CodeIgniter->handleRequest(NULL, Object(Config\Cache), false)
#3 C:\xampp\htdocs\ci4\public\index.php(37): CodeIgniter\CodeIgniter->run()
#4 C:\xampp\htdocs\ci4\system\Commands\Server\rewrite.php(43): require_once('C:\\xampp\\htdocs...')
#5 {main}
CRITICAL - 2022-01-30 12:42:26 --> Call to a member function isValid() on null
#0 C:\xampp\htdocs\ci4\system\CodeIgniter.php(824): App\Controllers\Offer->add()
#1 C:\xampp\htdocs\ci4\system\CodeIgniter.php(410): CodeIgniter\CodeIgniter->runController(Object(App\Controllers\Offer))
#2 C:\xampp\htdocs\ci4\system\CodeIgniter.php(318): CodeIgniter\CodeIgniter->handleRequest(NULL, Object(Config\Cache), false)
#3 C:\xampp\htdocs\ci4\public\index.php(37): CodeIgniter\CodeIgniter->run()
#4 C:\xampp\htdocs\ci4\system\Commands\Server\rewrite.php(43): require_once('C:\\xampp\\htdocs...')
#5 {main}
CRITICAL - 2022-01-30 12:42:52 --> Call to a member function isValid() on null
#0 C:\xampp\htdocs\ci4\system\CodeIgniter.php(824): App\Controllers\Offer->add()
#1 C:\xampp\htdocs\ci4\system\CodeIgniter.php(410): CodeIgniter\CodeIgniter->runController(Object(App\Controllers\Offer))
#2 C:\xampp\htdocs\ci4\system\CodeIgniter.php(318): CodeIgniter\CodeIgniter->handleRequest(NULL, Object(Config\Cache), false)
#3 C:\xampp\htdocs\ci4\public\index.php(37): CodeIgniter\CodeIgniter->run()
#4 C:\xampp\htdocs\ci4\system\Commands\Server\rewrite.php(43): require_once('C:\\xampp\\htdocs...')
#5 {main}
CRITICAL - 2022-01-30 12:43:29 --> Call to a member function isValid() on null
#0 C:\xampp\htdocs\ci4\system\CodeIgniter.php(824): App\Controllers\Offer->add()
#1 C:\xampp\htdocs\ci4\system\CodeIgniter.php(410): CodeIgniter\CodeIgniter->runController(Object(App\Controllers\Offer))
#2 C:\xampp\htdocs\ci4\system\CodeIgniter.php(318): CodeIgniter\CodeIgniter->handleRequest(NULL, Object(Config\Cache), false)
#3 C:\xampp\htdocs\ci4\public\index.php(37): CodeIgniter\CodeIgniter->run()
#4 C:\xampp\htdocs\ci4\system\Commands\Server\rewrite.php(43): require_once('C:\\xampp\\htdocs...')
#5 {main}
CRITICAL - 2022-01-30 13:19:58 --> Call to a member function isValid() on null
#0 C:\xampp\htdocs\ci4\system\CodeIgniter.php(824): App\Controllers\Offer->add()
#1 C:\xampp\htdocs\ci4\system\CodeIgniter.php(410): CodeIgniter\CodeIgniter->runController(Object(App\Controllers\Offer))
#2 C:\xampp\htdocs\ci4\system\CodeIgniter.php(318): CodeIgniter\CodeIgniter->handleRequest(NULL, Object(Config\Cache), false)
#3 C:\xampp\htdocs\ci4\public\index.php(37): CodeIgniter\CodeIgniter->run()
#4 C:\xampp\htdocs\ci4\system\Commands\Server\rewrite.php(43): require_once('C:\\xampp\\htdocs...')
#5 {main}
ERROR - 2022-01-30 13:22:08 --> Column 'username' cannot be null
ERROR - 2022-01-30 13:23:23 --> Column 'username' cannot be null
ERROR - 2022-01-30 13:25:29 --> Column 'username' cannot be null
ERROR - 2022-01-30 13:25:29 --> Column 'username' cannot be null
ERROR - 2022-01-30 13:25:29 --> Column 'username' cannot be null
ERROR - 2022-01-30 13:25:29 --> Column 'username' cannot be null
ERROR - 2022-01-30 13:25:29 --> Column 'username' cannot be null
ERROR - 2022-01-30 13:25:29 --> Column 'username' cannot be null
ERROR - 2022-01-30 13:25:29 --> Column 'username' cannot be null
ERROR - 2022-01-30 13:25:30 --> Column 'username' cannot be null
ERROR - 2022-01-30 13:25:30 --> Column 'username' cannot be null
ERROR - 2022-01-30 13:25:30 --> Column 'username' cannot be null
ERROR - 2022-01-30 13:25:30 --> Column 'username' cannot be null
ERROR - 2022-01-30 13:25:30 --> Column 'username' cannot be null
ERROR - 2022-01-30 13:25:30 --> Column 'username' cannot be null
ERROR - 2022-01-30 13:25:30 --> Column 'username' cannot be null
ERROR - 2022-01-30 13:25:31 --> Column 'username' cannot be null
ERROR - 2022-01-30 13:25:31 --> Column 'username' cannot be null
ERROR - 2022-01-30 13:25:31 --> Column 'username' cannot be null
ERROR - 2022-01-30 13:25:31 --> Column 'username' cannot be null
ERROR - 2022-01-30 13:25:31 --> Column 'username' cannot be null
ERROR - 2022-01-30 13:25:31 --> Column 'username' cannot be null
ERROR - 2022-01-30 13:25:33 --> Column 'username' cannot be null
ERROR - 2022-01-30 13:25:33 --> Column 'username' cannot be null
ERROR - 2022-01-30 13:25:33 --> Column 'username' cannot be null
ERROR - 2022-01-30 13:25:33 --> Column 'username' cannot be null
ERROR - 2022-01-30 13:25:33 --> Column 'username' cannot be null
ERROR - 2022-01-30 13:25:33 --> Column 'username' cannot be null
ERROR - 2022-01-30 13:25:33 --> Column 'username' cannot be null
ERROR - 2022-01-30 13:25:34 --> Column 'username' cannot be null
ERROR - 2022-01-30 13:25:34 --> Column 'username' cannot be null
ERROR - 2022-01-30 13:25:34 --> Column 'username' cannot be null
ERROR - 2022-01-30 13:25:34 --> Column 'username' cannot be null
ERROR - 2022-01-30 13:25:34 --> Column 'username' cannot be null
ERROR - 2022-01-30 13:25:34 --> Column 'username' cannot be null
ERROR - 2022-01-30 13:25:34 --> Column 'username' cannot be null
ERROR - 2022-01-30 13:25:35 --> Column 'username' cannot be null
ERROR - 2022-01-30 13:25:35 --> Column 'username' cannot be null
ERROR - 2022-01-30 13:25:35 --> Column 'username' cannot be null
ERROR - 2022-01-30 13:25:35 --> Column 'username' cannot be null
ERROR - 2022-01-30 13:25:35 --> Column 'username' cannot be null
ERROR - 2022-01-30 13:25:35 --> Column 'username' cannot be null
ERROR - 2022-01-30 13:25:43 --> Column 'username' cannot be null
ERROR - 2022-01-30 13:25:50 --> Column 'username' cannot be null
ERROR - 2022-01-30 13:25:51 --> Column 'username' cannot be null
ERROR - 2022-01-30 13:25:52 --> Column 'username' cannot be null
ERROR - 2022-01-30 13:26:04 --> Column 'username' cannot be null
ERROR - 2022-01-30 13:27:23 --> Column 'username' cannot be null
CRITICAL - 2022-01-30 13:59:44 --> syntax error, unexpected end of file
#0 C:\xampp\htdocs\ci4\system\View\View.php(217): CodeIgniter\View\View->CodeIgniter\View\{closure}()
#1 C:\xampp\htdocs\ci4\system\Common.php(1097): CodeIgniter\View\View->render('dashboard/index', Array, true)
#2 C:\xampp\htdocs\ci4\app\Controllers\Dashboard.php(16): view('dashboard/index', Array)
#3 C:\xampp\htdocs\ci4\system\CodeIgniter.php(824): App\Controllers\Dashboard->index()
#4 C:\xampp\htdocs\ci4\system\CodeIgniter.php(410): CodeIgniter\CodeIgniter->runController(Object(App\Controllers\Dashboard))
#5 C:\xampp\htdocs\ci4\system\CodeIgniter.php(318): CodeIgniter\CodeIgniter->handleRequest(NULL, Object(Config\Cache), false)
#6 C:\xampp\htdocs\ci4\public\index.php(37): CodeIgniter\CodeIgniter->run()
#7 C:\xampp\htdocs\ci4\system\Commands\Server\rewrite.php(43): require_once('C:\\xampp\\htdocs...')
#8 {main}
CRITICAL - 2022-01-30 15:11:18 --> Trying to access array offset on value of type null
#0 C:\xampp\htdocs\ci4\app\Controllers\Auth.php(154): CodeIgniter\Debug\Exceptions->errorHandler(2, 'Trying to acces...', 'C:\\xampp\\htdocs...', 154)
#1 C:\xampp\htdocs\ci4\system\CodeIgniter.php(824): App\Controllers\Auth->check()
#2 C:\xampp\htdocs\ci4\system\CodeIgniter.php(410): CodeIgniter\CodeIgniter->runController(Object(App\Controllers\Auth))
#3 C:\xampp\htdocs\ci4\system\CodeIgniter.php(318): CodeIgniter\CodeIgniter->handleRequest(NULL, Object(Config\Cache), false)
#4 C:\xampp\htdocs\ci4\public\index.php(37): CodeIgniter\CodeIgniter->run()
#5 C:\xampp\htdocs\ci4\system\Commands\Server\rewrite.php(43): require_once('C:\\xampp\\htdocs...')
#6 {main}
CRITICAL - 2022-01-30 15:11:26 --> Trying to access array offset on value of type null
#0 C:\xampp\htdocs\ci4\app\Controllers\Auth.php(154): CodeIgniter\Debug\Exceptions->errorHandler(2, 'Trying to acces...', 'C:\\xampp\\htdocs...', 154)
#1 C:\xampp\htdocs\ci4\system\CodeIgniter.php(824): App\Controllers\Auth->check()
#2 C:\xampp\htdocs\ci4\system\CodeIgniter.php(410): CodeIgniter\CodeIgniter->runController(Object(App\Controllers\Auth))
#3 C:\xampp\htdocs\ci4\system\CodeIgniter.php(318): CodeIgniter\CodeIgniter->handleRequest(NULL, Object(Config\Cache), false)
#4 C:\xampp\htdocs\ci4\public\index.php(37): CodeIgniter\CodeIgniter->run()
#5 C:\xampp\htdocs\ci4\system\Commands\Server\rewrite.php(43): require_once('C:\\xampp\\htdocs...')
#6 {main}
CRITICAL - 2022-01-30 15:46:36 --> Undefined variable $offer
#0 C:\xampp\htdocs\ci4\app\Views\dashboard\viewcategory.php(199): CodeIgniter\Debug\Exceptions->errorHandler(2, 'Undefined varia...', 'C:\\xampp\\htdocs...', 199)
#1 C:\xampp\htdocs\ci4\system\View\View.php(214): include('C:\\xampp\\htdocs...')
#2 C:\xampp\htdocs\ci4\system\View\View.php(217): CodeIgniter\View\View->CodeIgniter\View\{closure}()
#3 C:\xampp\htdocs\ci4\system\Common.php(1097): CodeIgniter\View\View->render('dashboard/viewc...', Array, true)
#4 C:\xampp\htdocs\ci4\app\Controllers\Dashboard.php(39): view('dashboard/viewc...', Array)
#5 C:\xampp\htdocs\ci4\system\CodeIgniter.php(824): App\Controllers\Dashboard->viewCategory('*')
#6 C:\xampp\htdocs\ci4\system\CodeIgniter.php(410): CodeIgniter\CodeIgniter->runController(Object(App\Controllers\Dashboard))
#7 C:\xampp\htdocs\ci4\system\CodeIgniter.php(318): CodeIgniter\CodeIgniter->handleRequest(NULL, Object(Config\Cache), false)
#8 C:\xampp\htdocs\ci4\public\index.php(37): CodeIgniter\CodeIgniter->run()
#9 C:\xampp\htdocs\ci4\system\Commands\Server\rewrite.php(43): require_once('C:\\xampp\\htdocs...')
#10 {main}
CRITICAL - 2022-01-30 15:46:39 --> Undefined variable $offer
#0 C:\xampp\htdocs\ci4\app\Views\dashboard\viewcategory.php(199): CodeIgniter\Debug\Exceptions->errorHandler(2, 'Undefined varia...', 'C:\\xampp\\htdocs...', 199)
#1 C:\xampp\htdocs\ci4\system\View\View.php(214): include('C:\\xampp\\htdocs...')
#2 C:\xampp\htdocs\ci4\system\View\View.php(217): CodeIgniter\View\View->CodeIgniter\View\{closure}()
#3 C:\xampp\htdocs\ci4\system\Common.php(1097): CodeIgniter\View\View->render('dashboard/viewc...', Array, true)
#4 C:\xampp\htdocs\ci4\app\Controllers\Dashboard.php(39): view('dashboard/viewc...', Array)
#5 C:\xampp\htdocs\ci4\system\CodeIgniter.php(824): App\Controllers\Dashboard->viewCategory('1' order by 2--')
#6 C:\xampp\htdocs\ci4\system\CodeIgniter.php(410): CodeIgniter\CodeIgniter->runController(Object(App\Controllers\Dashboard))
#7 C:\xampp\htdocs\ci4\system\CodeIgniter.php(318): CodeIgniter\CodeIgniter->handleRequest(NULL, Object(Config\Cache), false)
#8 C:\xampp\htdocs\ci4\public\index.php(37): CodeIgniter\CodeIgniter->run()
#9 C:\xampp\htdocs\ci4\system\Commands\Server\rewrite.php(43): require_once('C:\\xampp\\htdocs...')
#10 {main}
CRITICAL - 2022-01-30 15:46:44 --> Undefined variable $offer
#0 C:\xampp\htdocs\ci4\app\Views\dashboard\viewcategory.php(199): CodeIgniter\Debug\Exceptions->errorHandler(2, 'Undefined varia...', 'C:\\xampp\\htdocs...', 199)
#1 C:\xampp\htdocs\ci4\system\View\View.php(214): include('C:\\xampp\\htdocs...')
#2 C:\xampp\htdocs\ci4\system\View\View.php(217): CodeIgniter\View\View->CodeIgniter\View\{closure}()
#3 C:\xampp\htdocs\ci4\system\Common.php(1097): CodeIgniter\View\View->render('dashboard/viewc...', Array, true)
#4 C:\xampp\htdocs\ci4\app\Controllers\Dashboard.php(39): view('dashboard/viewc...', Array)
#5 C:\xampp\htdocs\ci4\system\CodeIgniter.php(824): App\Controllers\Dashboard->viewCategory('2')
#6 C:\xampp\htdocs\ci4\system\CodeIgniter.php(410): CodeIgniter\CodeIgniter->runController(Object(App\Controllers\Dashboard))
#7 C:\xampp\htdocs\ci4\system\CodeIgniter.php(318): CodeIgniter\CodeIgniter->handleRequest(NULL, Object(Config\Cache), false)
#8 C:\xampp\htdocs\ci4\public\index.php(37): CodeIgniter\CodeIgniter->run()
#9 C:\xampp\htdocs\ci4\system\Commands\Server\rewrite.php(43): require_once('C:\\xampp\\htdocs...')
#10 {main}
CRITICAL - 2022-01-30 15:50:58 --> Undefined variable $db
#0 C:\xampp\htdocs\ci4\app\Views\dashboard\viewcategory.php(201): CodeIgniter\Debug\Exceptions->errorHandler(2, 'Undefined varia...', 'C:\\xampp\\htdocs...', 201)
#1 C:\xampp\htdocs\ci4\system\View\View.php(214): include('C:\\xampp\\htdocs...')
#2 C:\xampp\htdocs\ci4\system\View\View.php(217): CodeIgniter\View\View->CodeIgniter\View\{closure}()
#3 C:\xampp\htdocs\ci4\system\Common.php(1097): CodeIgniter\View\View->render('dashboard/viewc...', Array, true)
#4 C:\xampp\htdocs\ci4\app\Controllers\Dashboard.php(39): view('dashboard/viewc...', Array)
#5 C:\xampp\htdocs\ci4\system\CodeIgniter.php(824): App\Controllers\Dashboard->viewCategory('2')
#6 C:\xampp\htdocs\ci4\system\CodeIgniter.php(410): CodeIgniter\CodeIgniter->runController(Object(App\Controllers\Dashboard))
#7 C:\xampp\htdocs\ci4\system\CodeIgniter.php(318): CodeIgniter\CodeIgniter->handleRequest(NULL, Object(Config\Cache), false)
#8 C:\xampp\htdocs\ci4\public\index.php(37): CodeIgniter\CodeIgniter->run()
#9 C:\xampp\htdocs\ci4\system\Commands\Server\rewrite.php(43): require_once('C:\\xampp\\htdocs...')
#10 {main}
CRITICAL - 2022-01-30 15:50:59 --> Undefined variable $db
#0 C:\xampp\htdocs\ci4\app\Views\dashboard\viewcategory.php(201): CodeIgniter\Debug\Exceptions->errorHandler(2, 'Undefined varia...', 'C:\\xampp\\htdocs...', 201)
#1 C:\xampp\htdocs\ci4\system\View\View.php(214): include('C:\\xampp\\htdocs...')
#2 C:\xampp\htdocs\ci4\system\View\View.php(217): CodeIgniter\View\View->CodeIgniter\View\{closure}()
#3 C:\xampp\htdocs\ci4\system\Common.php(1097): CodeIgniter\View\View->render('dashboard/viewc...', Array, true)
#4 C:\xampp\htdocs\ci4\app\Controllers\Dashboard.php(39): view('dashboard/viewc...', Array)
#5 C:\xampp\htdocs\ci4\system\CodeIgniter.php(824): App\Controllers\Dashboard->viewCategory('2')
#6 C:\xampp\htdocs\ci4\system\CodeIgniter.php(410): CodeIgniter\CodeIgniter->runController(Object(App\Controllers\Dashboard))
#7 C:\xampp\htdocs\ci4\system\CodeIgniter.php(318): CodeIgniter\CodeIgniter->handleRequest(NULL, Object(Config\Cache), false)
#8 C:\xampp\htdocs\ci4\public\index.php(37): CodeIgniter\CodeIgniter->run()
#9 C:\xampp\htdocs\ci4\system\Commands\Server\rewrite.php(43): require_once('C:\\xampp\\htdocs...')
#10 {main}
CRITICAL - 2022-01-30 15:51:01 --> Undefined variable $db
#0 C:\xampp\htdocs\ci4\app\Views\dashboard\viewcategory.php(201): CodeIgniter\Debug\Exceptions->errorHandler(2, 'Undefined varia...', 'C:\\xampp\\htdocs...', 201)
#1 C:\xampp\htdocs\ci4\system\View\View.php(214): include('C:\\xampp\\htdocs...')
#2 C:\xampp\htdocs\ci4\system\View\View.php(217): CodeIgniter\View\View->CodeIgniter\View\{closure}()
#3 C:\xampp\htdocs\ci4\system\Common.php(1097): CodeIgniter\View\View->render('dashboard/viewc...', Array, true)
#4 C:\xampp\htdocs\ci4\app\Controllers\Dashboard.php(39): view('dashboard/viewc...', Array)
#5 C:\xampp\htdocs\ci4\system\CodeIgniter.php(824): App\Controllers\Dashboard->viewCategory('4')
#6 C:\xampp\htdocs\ci4\system\CodeIgniter.php(410): CodeIgniter\CodeIgniter->runController(Object(App\Controllers\Dashboard))
#7 C:\xampp\htdocs\ci4\system\CodeIgniter.php(318): CodeIgniter\CodeIgniter->handleRequest(NULL, Object(Config\Cache), false)
#8 C:\xampp\htdocs\ci4\public\index.php(37): CodeIgniter\CodeIgniter->run()
#9 C:\xampp\htdocs\ci4\system\Commands\Server\rewrite.php(43): require_once('C:\\xampp\\htdocs...')
#10 {main}
CRITICAL - 2022-01-30 15:51:04 --> Undefined variable $db
#0 C:\xampp\htdocs\ci4\app\Views\dashboard\viewcategory.php(201): CodeIgniter\Debug\Exceptions->errorHandler(2, 'Undefined varia...', 'C:\\xampp\\htdocs...', 201)
#1 C:\xampp\htdocs\ci4\system\View\View.php(214): include('C:\\xampp\\htdocs...')
#2 C:\xampp\htdocs\ci4\system\View\View.php(217): CodeIgniter\View\View->CodeIgniter\View\{closure}()
#3 C:\xampp\htdocs\ci4\system\Common.php(1097): CodeIgniter\View\View->render('dashboard/viewc...', Array, true)
#4 C:\xampp\htdocs\ci4\app\Controllers\Dashboard.php(39): view('dashboard/viewc...', Array)
#5 C:\xampp\htdocs\ci4\system\CodeIgniter.php(824): App\Controllers\Dashboard->viewCategory('2')
#6 C:\xampp\htdocs\ci4\system\CodeIgniter.php(410): CodeIgniter\CodeIgniter->runController(Object(App\Controllers\Dashboard))
#7 C:\xampp\htdocs\ci4\system\CodeIgniter.php(318): CodeIgniter\CodeIgniter->handleRequest(NULL, Object(Config\Cache), false)
#8 C:\xampp\htdocs\ci4\public\index.php(37): CodeIgniter\CodeIgniter->run()
#9 C:\xampp\htdocs\ci4\system\Commands\Server\rewrite.php(43): require_once('C:\\xampp\\htdocs...')
#10 {main}
CRITICAL - 2022-01-30 15:51:19 --> Undefined variable $db
#0 C:\xampp\htdocs\ci4\app\Views\dashboard\viewcategory.php(201): CodeIgniter\Debug\Exceptions->errorHandler(2, 'Undefined varia...', 'C:\\xampp\\htdocs...', 201)
#1 C:\xampp\htdocs\ci4\system\View\View.php(214): include('C:\\xampp\\htdocs...')
#2 C:\xampp\htdocs\ci4\system\View\View.php(217): CodeIgniter\View\View->CodeIgniter\View\{closure}()
#3 C:\xampp\htdocs\ci4\system\Common.php(1097): CodeIgniter\View\View->render('dashboard/viewc...', Array, true)
#4 C:\xampp\htdocs\ci4\app\Controllers\Dashboard.php(39): view('dashboard/viewc...', Array)
#5 C:\xampp\htdocs\ci4\system\CodeIgniter.php(824): App\Controllers\Dashboard->viewCategory('1' order by 2--')
#6 C:\xampp\htdocs\ci4\system\CodeIgniter.php(410): CodeIgniter\CodeIgniter->runController(Object(App\Controllers\Dashboard))
#7 C:\xampp\htdocs\ci4\system\CodeIgniter.php(318): CodeIgniter\CodeIgniter->handleRequest(NULL, Object(Config\Cache), false)
#8 C:\xampp\htdocs\ci4\public\index.php(37): CodeIgniter\CodeIgniter->run()
#9 C:\xampp\htdocs\ci4\system\Commands\Server\rewrite.php(43): require_once('C:\\xampp\\htdocs...')
#10 {main}
CRITICAL - 2022-01-30 15:51:47 --> Undefined variable $db
#0 C:\xampp\htdocs\ci4\app\Views\dashboard\viewcategory.php(201): CodeIgniter\Debug\Exceptions->errorHandler(2, 'Undefined varia...', 'C:\\xampp\\htdocs...', 201)
#1 C:\xampp\htdocs\ci4\system\View\View.php(214): include('C:\\xampp\\htdocs...')
#2 C:\xampp\htdocs\ci4\system\View\View.php(217): CodeIgniter\View\View->CodeIgniter\View\{closure}()
#3 C:\xampp\htdocs\ci4\system\Common.php(1097): CodeIgniter\View\View->render('dashboard/viewc...', Array, true)
#4 C:\xampp\htdocs\ci4\app\Controllers\Dashboard.php(32): view('dashboard/viewc...', Array)
#5 C:\xampp\htdocs\ci4\system\CodeIgniter.php(824): App\Controllers\Dashboard->viewCategory('1' order by 2--')
#6 C:\xampp\htdocs\ci4\system\CodeIgniter.php(410): CodeIgniter\CodeIgniter->runController(Object(App\Controllers\Dashboard))
#7 C:\xampp\htdocs\ci4\system\CodeIgniter.php(318): CodeIgniter\CodeIgniter->handleRequest(NULL, Object(Config\Cache), false)
#8 C:\xampp\htdocs\ci4\public\index.php(37): CodeIgniter\CodeIgniter->run()
#9 C:\xampp\htdocs\ci4\system\Commands\Server\rewrite.php(43): require_once('C:\\xampp\\htdocs...')
#10 {main}
CRITICAL - 2022-01-30 15:51:48 --> Undefined variable $db
#0 C:\xampp\htdocs\ci4\app\Views\dashboard\viewcategory.php(201): CodeIgniter\Debug\Exceptions->errorHandler(2, 'Undefined varia...', 'C:\\xampp\\htdocs...', 201)
#1 C:\xampp\htdocs\ci4\system\View\View.php(214): include('C:\\xampp\\htdocs...')
#2 C:\xampp\htdocs\ci4\system\View\View.php(217): CodeIgniter\View\View->CodeIgniter\View\{closure}()
#3 C:\xampp\htdocs\ci4\system\Common.php(1097): CodeIgniter\View\View->render('dashboard/viewc...', Array, true)
#4 C:\xampp\htdocs\ci4\app\Controllers\Dashboard.php(32): view('dashboard/viewc...', Array)
#5 C:\xampp\htdocs\ci4\system\CodeIgniter.php(824): App\Controllers\Dashboard->viewCategory('1' order by 3--')
#6 C:\xampp\htdocs\ci4\system\CodeIgniter.php(410): CodeIgniter\CodeIgniter->runController(Object(App\Controllers\Dashboard))
#7 C:\xampp\htdocs\ci4\system\CodeIgniter.php(318): CodeIgniter\CodeIgniter->handleRequest(NULL, Object(Config\Cache), false)
#8 C:\xampp\htdocs\ci4\public\index.php(37): CodeIgniter\CodeIgniter->run()
#9 C:\xampp\htdocs\ci4\system\Commands\Server\rewrite.php(43): require_once('C:\\xampp\\htdocs...')
#10 {main}
CRITICAL - 2022-01-30 15:51:55 --> Undefined variable $db
#0 C:\xampp\htdocs\ci4\app\Views\dashboard\viewcategory.php(201): CodeIgniter\Debug\Exceptions->errorHandler(2, 'Undefined varia...', 'C:\\xampp\\htdocs...', 201)
#1 C:\xampp\htdocs\ci4\system\View\View.php(214): include('C:\\xampp\\htdocs...')
#2 C:\xampp\htdocs\ci4\system\View\View.php(217): CodeIgniter\View\View->CodeIgniter\View\{closure}()
#3 C:\xampp\htdocs\ci4\system\Common.php(1097): CodeIgniter\View\View->render('dashboard/viewc...', Array, true)
#4 C:\xampp\htdocs\ci4\app\Controllers\Dashboard.php(32): view('dashboard/viewc...', Array)
#5 C:\xampp\htdocs\ci4\system\CodeIgniter.php(824): App\Controllers\Dashboard->viewCategory('2')
#6 C:\xampp\htdocs\ci4\system\CodeIgniter.php(410): CodeIgniter\CodeIgniter->runController(Object(App\Controllers\Dashboard))
#7 C:\xampp\htdocs\ci4\system\CodeIgniter.php(318): CodeIgniter\CodeIgniter->handleRequest(NULL, Object(Config\Cache), false)
#8 C:\xampp\htdocs\ci4\public\index.php(37): CodeIgniter\CodeIgniter->run()
#9 C:\xampp\htdocs\ci4\system\Commands\Server\rewrite.php(43): require_once('C:\\xampp\\htdocs...')
#10 {main}
CRITICAL - 2022-01-30 15:51:57 --> Undefined variable $db
#0 C:\xampp\htdocs\ci4\app\Views\dashboard\viewcategory.php(201): CodeIgniter\Debug\Exceptions->errorHandler(2, 'Undefined varia...', 'C:\\xampp\\htdocs...', 201)
#1 C:\xampp\htdocs\ci4\system\View\View.php(214): include('C:\\xampp\\htdocs...')
#2 C:\xampp\htdocs\ci4\system\View\View.php(217): CodeIgniter\View\View->CodeIgniter\View\{closure}()
#3 C:\xampp\htdocs\ci4\system\Common.php(1097): CodeIgniter\View\View->render('dashboard/viewc...', Array, true)
#4 C:\xampp\htdocs\ci4\app\Controllers\Dashboard.php(32): view('dashboard/viewc...', Array)
#5 C:\xampp\htdocs\ci4\system\CodeIgniter.php(824): App\Controllers\Dashboard->viewCategory('5')
#6 C:\xampp\htdocs\ci4\system\CodeIgniter.php(410): CodeIgniter\CodeIgniter->runController(Object(App\Controllers\Dashboard))
#7 C:\xampp\htdocs\ci4\system\CodeIgniter.php(318): CodeIgniter\CodeIgniter->handleRequest(NULL, Object(Config\Cache), false)
#8 C:\xampp\htdocs\ci4\public\index.php(37): CodeIgniter\CodeIgniter->run()
#9 C:\xampp\htdocs\ci4\system\Commands\Server\rewrite.php(43): require_once('C:\\xampp\\htdocs...')
#10 {main}
ERROR - 2022-01-30 16:03:03 --> Table 'my_app.ofr' doesn't exist
CRITICAL - 2022-01-30 16:03:03 --> Call to a member function getResult() on bool
#0 C:\xampp\htdocs\ci4\system\CodeIgniter.php(824): App\Controllers\Dashboard->viewCategory('2')
#1 C:\xampp\htdocs\ci4\system\CodeIgniter.php(410): CodeIgniter\CodeIgniter->runController(Object(App\Controllers\Dashboard))
#2 C:\xampp\htdocs\ci4\system\CodeIgniter.php(318): CodeIgniter\CodeIgniter->handleRequest(NULL, Object(Config\Cache), false)
#3 C:\xampp\htdocs\ci4\public\index.php(37): CodeIgniter\CodeIgniter->run()
#4 C:\xampp\htdocs\ci4\system\Commands\Server\rewrite.php(43): require_once('C:\\xampp\\htdocs...')
#5 {main}
ERROR - 2022-01-30 16:03:06 --> Table 'my_app.ofr' doesn't exist
CRITICAL - 2022-01-30 16:03:06 --> Call to a member function getResult() on bool
#0 C:\xampp\htdocs\ci4\system\CodeIgniter.php(824): App\Controllers\Dashboard->viewCategory('1')
#1 C:\xampp\htdocs\ci4\system\CodeIgniter.php(410): CodeIgniter\CodeIgniter->runController(Object(App\Controllers\Dashboard))
#2 C:\xampp\htdocs\ci4\system\CodeIgniter.php(318): CodeIgniter\CodeIgniter->handleRequest(NULL, Object(Config\Cache), false)
#3 C:\xampp\htdocs\ci4\public\index.php(37): CodeIgniter\CodeIgniter->run()
#4 C:\xampp\htdocs\ci4\system\Commands\Server\rewrite.php(43): require_once('C:\\xampp\\htdocs...')
#5 {main}
ERROR - 2022-01-30 16:04:33 --> Table 'my_app.ofr' doesn't exist
CRITICAL - 2022-01-30 16:04:33 --> Call to a member function getResult() on bool
#0 C:\xampp\htdocs\ci4\system\CodeIgniter.php(824): App\Controllers\Dashboard->viewCategory('4')
#1 C:\xampp\htdocs\ci4\system\CodeIgniter.php(410): CodeIgniter\CodeIgniter->runController(Object(App\Controllers\Dashboard))
#2 C:\xampp\htdocs\ci4\system\CodeIgniter.php(318): CodeIgniter\CodeIgniter->handleRequest(NULL, Object(Config\Cache), false)
#3 C:\xampp\htdocs\ci4\public\index.php(37): CodeIgniter\CodeIgniter->run()
#4 C:\xampp\htdocs\ci4\system\Commands\Server\rewrite.php(43): require_once('C:\\xampp\\htdocs...')
#5 {main}
ERROR - 2022-01-30 16:04:40 --> Table 'my_app.ofr' doesn't exist
CRITICAL - 2022-01-30 16:04:40 --> Call to a member function getResult() on bool
#0 C:\xampp\htdocs\ci4\system\CodeIgniter.php(824): App\Controllers\Dashboard->viewCategory('7')
#1 C:\xampp\htdocs\ci4\system\CodeIgniter.php(410): CodeIgniter\CodeIgniter->runController(Object(App\Controllers\Dashboard))
#2 C:\xampp\htdocs\ci4\system\CodeIgniter.php(318): CodeIgniter\CodeIgniter->handleRequest(NULL, Object(Config\Cache), false)
#3 C:\xampp\htdocs\ci4\public\index.php(37): CodeIgniter\CodeIgniter->run()
#4 C:\xampp\htdocs\ci4\system\Commands\Server\rewrite.php(43): require_once('C:\\xampp\\htdocs...')
#5 {main}
ERROR - 2022-01-30 16:05:47 --> Table 'my_app.ofr' doesn't exist
CRITICAL - 2022-01-30 16:05:47 --> Call to a member function getResult() on bool
#0 C:\xampp\htdocs\ci4\system\CodeIgniter.php(824): App\Controllers\Dashboard->viewCategory('7')
#1 C:\xampp\htdocs\ci4\system\CodeIgniter.php(410): CodeIgniter\CodeIgniter->runController(Object(App\Controllers\Dashboard))
#2 C:\xampp\htdocs\ci4\system\CodeIgniter.php(318): CodeIgniter\CodeIgniter->handleRequest(NULL, Object(Config\Cache), false)
#3 C:\xampp\htdocs\ci4\public\index.php(37): CodeIgniter\CodeIgniter->run()
#4 C:\xampp\htdocs\ci4\system\Commands\Server\rewrite.php(43): require_once('C:\\xampp\\htdocs...')
#5 {main}
ERROR - 2022-01-30 16:05:47 --> Table 'my_app.ofr' doesn't exist
CRITICAL - 2022-01-30 16:05:47 --> Call to a member function getResult() on bool
#0 C:\xampp\htdocs\ci4\system\CodeIgniter.php(824): App\Controllers\Dashboard->viewCategory('7')
#1 C:\xampp\htdocs\ci4\system\CodeIgniter.php(410): CodeIgniter\CodeIgniter->runController(Object(App\Controllers\Dashboard))
#2 C:\xampp\htdocs\ci4\system\CodeIgniter.php(318): CodeIgniter\CodeIgniter->handleRequest(NULL, Object(Config\Cache), false)
#3 C:\xampp\htdocs\ci4\public\index.php(37): CodeIgniter\CodeIgniter->run()
#4 C:\xampp\htdocs\ci4\system\Commands\Server\rewrite.php(43): require_once('C:\\xampp\\htdocs...')
#5 {main}
ERROR - 2022-01-30 16:05:51 --> Table 'my_app.ofr' doesn't exist
CRITICAL - 2022-01-30 16:05:51 --> Call to a member function getResult() on bool
#0 C:\xampp\htdocs\ci4\system\CodeIgniter.php(824): App\Controllers\Dashboard->viewCategory('2')
#1 C:\xampp\htdocs\ci4\system\CodeIgniter.php(410): CodeIgniter\CodeIgniter->runController(Object(App\Controllers\Dashboard))
#2 C:\xampp\htdocs\ci4\system\CodeIgniter.php(318): CodeIgniter\CodeIgniter->handleRequest(NULL, Object(Config\Cache), false)
#3 C:\xampp\htdocs\ci4\public\index.php(37): CodeIgniter\CodeIgniter->run()
#4 C:\xampp\htdocs\ci4\system\Commands\Server\rewrite.php(43): require_once('C:\\xampp\\htdocs...')
#5 {main}
ERROR - 2022-01-30 16:11:58 --> Table 'my_app.ofr' doesn't exist
CRITICAL - 2022-01-30 16:11:58 --> Call to a member function getResult() on bool
#0 C:\xampp\htdocs\ci4\system\CodeIgniter.php(824): App\Controllers\Dashboard->viewCategory('1')
#1 C:\xampp\htdocs\ci4\system\CodeIgniter.php(410): CodeIgniter\CodeIgniter->runController(Object(App\Controllers\Dashboard))
#2 C:\xampp\htdocs\ci4\system\CodeIgniter.php(318): CodeIgniter\CodeIgniter->handleRequest(NULL, Object(Config\Cache), false)
#3 C:\xampp\htdocs\ci4\public\index.php(37): CodeIgniter\CodeIgniter->run()
#4 C:\xampp\htdocs\ci4\system\Commands\Server\rewrite.php(43): require_once('C:\\xampp\\htdocs...')
#5 {main}
ERROR - 2022-01-30 16:13:11 --> Table 'my_app.ofr' doesn't exist
CRITICAL - 2022-01-30 16:13:11 --> Call to a member function getResult() on bool
#0 C:\xampp\htdocs\ci4\system\CodeIgniter.php(824): App\Controllers\Dashboard->viewCategory('2')
#1 C:\xampp\htdocs\ci4\system\CodeIgniter.php(410): CodeIgniter\CodeIgniter->runController(Object(App\Controllers\Dashboard))
#2 C:\xampp\htdocs\ci4\system\CodeIgniter.php(318): CodeIgniter\CodeIgniter->handleRequest(NULL, Object(Config\Cache), false)
#3 C:\xampp\htdocs\ci4\public\index.php(37): CodeIgniter\CodeIgniter->run()
#4 C:\xampp\htdocs\ci4\system\Commands\Server\rewrite.php(43): require_once('C:\\xampp\\htdocs...')
#5 {main}
ERROR - 2022-01-30 16:13:32 --> Table 'my_app.ofr' doesn't exist
CRITICAL - 2022-01-30 16:13:32 --> Call to a member function getResult() on bool
#0 C:\xampp\htdocs\ci4\system\CodeIgniter.php(824): App\Controllers\Dashboard->viewCategory('2')
#1 C:\xampp\htdocs\ci4\system\CodeIgniter.php(410): CodeIgniter\CodeIgniter->runController(Object(App\Controllers\Dashboard))
#2 C:\xampp\htdocs\ci4\system\CodeIgniter.php(318): CodeIgniter\CodeIgniter->handleRequest(NULL, Object(Config\Cache), false)
#3 C:\xampp\htdocs\ci4\public\index.php(37): CodeIgniter\CodeIgniter->run()
#4 C:\xampp\htdocs\ci4\system\Commands\Server\rewrite.php(43): require_once('C:\\xampp\\htdocs...')
#5 {main}
CRITICAL - 2022-01-30 16:13:47 --> Call to a member function select() on null
#0 C:\xampp\htdocs\ci4\system\CodeIgniter.php(824): App\Controllers\Dashboard->viewCategory('2')
#1 C:\xampp\htdocs\ci4\system\CodeIgniter.php(410): CodeIgniter\CodeIgniter->runController(Object(App\Controllers\Dashboard))
#2 C:\xampp\htdocs\ci4\system\CodeIgniter.php(318): CodeIgniter\CodeIgniter->handleRequest(NULL, Object(Config\Cache), false)
#3 C:\xampp\htdocs\ci4\public\index.php(37): CodeIgniter\CodeIgniter->run()
#4 C:\xampp\htdocs\ci4\system\Commands\Server\rewrite.php(43): require_once('C:\\xampp\\htdocs...')
#5 {main}
CRITICAL - 2022-01-30 16:13:55 --> Call to a member function select() on null
#0 C:\xampp\htdocs\ci4\system\CodeIgniter.php(824): App\Controllers\Dashboard->viewCategory('2')
#1 C:\xampp\htdocs\ci4\system\CodeIgniter.php(410): CodeIgniter\CodeIgniter->runController(Object(App\Controllers\Dashboard))
#2 C:\xampp\htdocs\ci4\system\CodeIgniter.php(318): CodeIgniter\CodeIgniter->handleRequest(NULL, Object(Config\Cache), false)
#3 C:\xampp\htdocs\ci4\public\index.php(37): CodeIgniter\CodeIgniter->run()
#4 C:\xampp\htdocs\ci4\system\Commands\Server\rewrite.php(43): require_once('C:\\xampp\\htdocs...')
#5 {main}
CRITICAL - 2022-01-30 16:14:07 --> Undefined variable $ofr
#0 C:\xampp\htdocs\ci4\app\Views\dashboard\viewcategory.php(202): CodeIgniter\Debug\Exceptions->errorHandler(2, 'Undefined varia...', 'C:\\xampp\\htdocs...', 202)
#1 C:\xampp\htdocs\ci4\system\View\View.php(214): include('C:\\xampp\\htdocs...')
#2 C:\xampp\htdocs\ci4\system\View\View.php(217): CodeIgniter\View\View->CodeIgniter\View\{closure}()
#3 C:\xampp\htdocs\ci4\system\Common.php(1097): CodeIgniter\View\View->render('dashboard/viewc...', Array, true)
#4 C:\xampp\htdocs\ci4\app\Controllers\Dashboard.php(32): view('dashboard/viewc...', Array)
#5 C:\xampp\htdocs\ci4\system\CodeIgniter.php(824): App\Controllers\Dashboard->viewCategory('2')
#6 C:\xampp\htdocs\ci4\system\CodeIgniter.php(410): CodeIgniter\CodeIgniter->runController(Object(App\Controllers\Dashboard))
#7 C:\xampp\htdocs\ci4\system\CodeIgniter.php(318): CodeIgniter\CodeIgniter->handleRequest(NULL, Object(Config\Cache), false)
#8 C:\xampp\htdocs\ci4\public\index.php(37): CodeIgniter\CodeIgniter->run()
#9 C:\xampp\htdocs\ci4\system\Commands\Server\rewrite.php(43): require_once('C:\\xampp\\htdocs...')
#10 {main}
CRITICAL - 2022-01-30 17:39:31 --> Trying to access array offset on value of type null
#0 C:\xampp\htdocs\ci4\app\Views\dashboard\offerview.php(149): CodeIgniter\Debug\Exceptions->errorHandler(2, 'Trying to acces...', 'C:\\xampp\\htdocs...', 149)
#1 C:\xampp\htdocs\ci4\system\View\View.php(214): include('C:\\xampp\\htdocs...')
#2 C:\xampp\htdocs\ci4\system\View\View.php(217): CodeIgniter\View\View->CodeIgniter\View\{closure}()
#3 C:\xampp\htdocs\ci4\system\Common.php(1097): CodeIgniter\View\View->render('dashboard/offer...', Array, true)
#4 C:\xampp\htdocs\ci4\app\Controllers\Dashboard.php(24): view('dashboard/offer...', Array)
#5 C:\xampp\htdocs\ci4\system\CodeIgniter.php(824): App\Controllers\Dashboard->view('1')
#6 C:\xampp\htdocs\ci4\system\CodeIgniter.php(410): CodeIgniter\CodeIgniter->runController(Object(App\Controllers\Dashboard))
#7 C:\xampp\htdocs\ci4\system\CodeIgniter.php(318): CodeIgniter\CodeIgniter->handleRequest(NULL, Object(Config\Cache), false)
#8 C:\xampp\htdocs\ci4\public\index.php(37): CodeIgniter\CodeIgniter->run()
#9 C:\xampp\htdocs\ci4\system\Commands\Server\rewrite.php(43): require_once('C:\\xampp\\htdocs...')
#10 {main}
CRITICAL - 2022-01-30 18:22:26 --> Trying to access array offset on value of type null
#0 C:\xampp\htdocs\ci4\app\Views\dashboard\offerview.php(149): CodeIgniter\Debug\Exceptions->errorHandler(2, 'Trying to acces...', 'C:\\xampp\\htdocs...', 149)
#1 C:\xampp\htdocs\ci4\system\View\View.php(214): include('C:\\xampp\\htdocs...')
#2 C:\xampp\htdocs\ci4\system\View\View.php(217): CodeIgniter\View\View->CodeIgniter\View\{closure}()
#3 C:\xampp\htdocs\ci4\system\Common.php(1097): CodeIgniter\View\View->render('dashboard/offer...', Array, true)
#4 C:\xampp\htdocs\ci4\app\Controllers\Dashboard.php(24): view('dashboard/offer...', Array)
#5 C:\xampp\htdocs\ci4\system\CodeIgniter.php(824): App\Controllers\Dashboard->view('1')
#6 C:\xampp\htdocs\ci4\system\CodeIgniter.php(410): CodeIgniter\CodeIgniter->runController(Object(App\Controllers\Dashboard))
#7 C:\xampp\htdocs\ci4\system\CodeIgniter.php(318): CodeIgniter\CodeIgniter->handleRequest(NULL, Object(Config\Cache), false)
#8 C:\xampp\htdocs\ci4\public\index.php(37): CodeIgniter\CodeIgniter->run()
#9 C:\xampp\htdocs\ci4\system\Commands\Server\rewrite.php(43): require_once('C:\\xampp\\htdocs...')
#10 {main}
