ERROR - 2022-02-01 02:11:30 --> Unknown column 'css' in 'where clause'
CRITICAL - 2022-02-01 02:11:30 --> Call to a member function getResultArray() on bool
#0 /var/www/html/codeigniter4/system/CodeIgniter.php(824): App\Controllers\Dashboard->viewCategory('css', 'font-awesome.mi...')
#1 /var/www/html/codeigniter4/system/CodeIgniter.php(410): CodeIgniter\CodeIgniter->runController(Object(App\Controllers\Dashboard))
#2 /var/www/html/codeigniter4/system/CodeIgniter.php(318): CodeIgniter\CodeIgniter->handleRequest(NULL, Object(Config\Cache), false)
#3 /var/www/html/codeigniter4/public/index.php(37): CodeIgniter\CodeIgniter->run()
#4 {main}
ERROR - 2022-02-01 02:11:31 --> Unknown column 'js' in 'where clause'
CRITICAL - 2022-02-01 02:11:31 --> Call to a member function getResultArray() on bool
#0 /var/www/html/codeigniter4/system/CodeIgniter.php(824): App\Controllers\Dashboard->viewCategory('js', 'jquery-1.10.2.m...')
#1 /var/www/html/codeigniter4/system/CodeIgniter.php(410): CodeIgniter\CodeIgniter->runController(Object(App\Controllers\Dashboard))
#2 /var/www/html/codeigniter4/system/CodeIgniter.php(318): CodeIgniter\CodeIgniter->handleRequest(NULL, Object(Config\Cache), false)
#3 /var/www/html/codeigniter4/public/index.php(37): CodeIgniter\CodeIgniter->run()
#4 {main}
ERROR - 2022-02-01 02:11:31 --> Unknown column 'js' in 'where clause'
ERROR - 2022-02-01 02:11:31 --> Unknown column 'js' in 'where clause'
ERROR - 2022-02-01 02:11:31 --> Unknown column 'js' in 'where clause'
ERROR - 2022-02-01 02:11:31 --> Unknown column 'js' in 'where clause'
CRITICAL - 2022-02-01 02:11:31 --> Call to a member function getResultArray() on bool
#0 /var/www/html/codeigniter4/system/CodeIgniter.php(824): App\Controllers\Dashboard->viewCategory('js', 'bootstrap-selec...')
#1 /var/www/html/codeigniter4/system/CodeIgniter.php(410): CodeIgniter\CodeIgniter->runController(Object(App\Controllers\Dashboard))
#2 /var/www/html/codeigniter4/system/CodeIgniter.php(318): CodeIgniter\CodeIgniter->handleRequest(NULL, Object(Config\Cache), false)
#3 /var/www/html/codeigniter4/public/index.php(37): CodeIgniter\CodeIgniter->run()
#4 {main}
CRITICAL - 2022-02-01 02:11:31 --> Call to a member function getResultArray() on bool
#0 /var/www/html/codeigniter4/system/CodeIgniter.php(824): App\Controllers\Dashboard->viewCategory('js', 'jquery.easing.1...')
#1 /var/www/html/codeigniter4/system/CodeIgniter.php(410): CodeIgniter\CodeIgniter->runController(Object(App\Controllers\Dashboard))
#2 /var/www/html/codeigniter4/system/CodeIgniter.php(318): CodeIgniter\CodeIgniter->handleRequest(NULL, Object(Config\Cache), false)
#3 /var/www/html/codeigniter4/public/index.php(37): CodeIgniter\CodeIgniter->run()
#4 {main}
CRITICAL - 2022-02-01 02:11:31 --> Call to a member function getResultArray() on bool
#0 /var/www/html/codeigniter4/system/CodeIgniter.php(824): App\Controllers\Dashboard->viewCategory('js', 'camera.js')
#1 /var/www/html/codeigniter4/system/CodeIgniter.php(410): CodeIgniter\CodeIgniter->runController(Object(App\Controllers\Dashboard))
#2 /var/www/html/codeigniter4/system/CodeIgniter.php(318): CodeIgniter\CodeIgniter->handleRequest(NULL, Object(Config\Cache), false)
#3 /var/www/html/codeigniter4/public/index.php(37): CodeIgniter\CodeIgniter->run()
#4 {main}
CRITICAL - 2022-02-01 02:11:31 --> Call to a member function getResultArray() on bool
#0 /var/www/html/codeigniter4/system/CodeIgniter.php(824): App\Controllers\Dashboard->viewCategory('js', 'sapphire.js')
#1 /var/www/html/codeigniter4/system/CodeIgniter.php(410): CodeIgniter\CodeIgniter->runController(Object(App\Controllers\Dashboard))
#2 /var/www/html/codeigniter4/system/CodeIgniter.php(318): CodeIgniter\CodeIgniter->handleRequest(NULL, Object(Config\Cache), false)
#3 /var/www/html/codeigniter4/public/index.php(37): CodeIgniter\CodeIgniter->run()
#4 {main}
ERROR - 2022-02-01 02:11:31 --> Unknown column 'js' in 'where clause'
CRITICAL - 2022-02-01 02:11:31 --> Call to a member function getResultArray() on bool
#0 /var/www/html/codeigniter4/system/CodeIgniter.php(824): App\Controllers\Dashboard->viewCategory('js', 'bootstrap.min.j...')
#1 /var/www/html/codeigniter4/system/CodeIgniter.php(410): CodeIgniter\CodeIgniter->runController(Object(App\Controllers\Dashboard))
#2 /var/www/html/codeigniter4/system/CodeIgniter.php(318): CodeIgniter\CodeIgniter->handleRequest(NULL, Object(Config\Cache), false)
#3 /var/www/html/codeigniter4/public/index.php(37): CodeIgniter\CodeIgniter->run()
#4 {main}
ERROR - 2022-02-01 02:11:31 --> Unknown column 'image' in 'where clause'
CRITICAL - 2022-02-01 02:11:31 --> Call to a member function getResultArray() on bool
#0 /var/www/html/codeigniter4/system/CodeIgniter.php(824): App\Controllers\Dashboard->viewCategory('image', 'sub.jpg')
#1 /var/www/html/codeigniter4/system/CodeIgniter.php(410): CodeIgniter\CodeIgniter->runController(Object(App\Controllers\Dashboard))
#2 /var/www/html/codeigniter4/system/CodeIgniter.php(318): CodeIgniter\CodeIgniter->handleRequest(NULL, Object(Config\Cache), false)
#3 /var/www/html/codeigniter4/public/index.php(37): CodeIgniter\CodeIgniter->run()
#4 {main}
ERROR - 2022-02-01 02:11:32 --> Unknown column 'js' in 'where clause'
CRITICAL - 2022-02-01 02:11:32 --> Call to a member function getResultArray() on bool
#0 /var/www/html/codeigniter4/system/CodeIgniter.php(824): App\Controllers\Dashboard->viewCategory('js', 'bootstrap-selec...')
#1 /var/www/html/codeigniter4/system/CodeIgniter.php(410): CodeIgniter\CodeIgniter->runController(Object(App\Controllers\Dashboard))
#2 /var/www/html/codeigniter4/system/CodeIgniter.php(318): CodeIgniter\CodeIgniter->handleRequest(NULL, Object(Config\Cache), false)
#3 /var/www/html/codeigniter4/public/index.php(37): CodeIgniter\CodeIgniter->run()
#4 {main}
ERROR - 2022-02-01 02:11:32 --> Unknown column 'js' in 'where clause'
CRITICAL - 2022-02-01 02:11:32 --> Call to a member function getResultArray() on bool
#0 /var/www/html/codeigniter4/system/CodeIgniter.php(824): App\Controllers\Dashboard->viewCategory('js', 'jquery.easing.1...')
#1 /var/www/html/codeigniter4/system/CodeIgniter.php(410): CodeIgniter\CodeIgniter->runController(Object(App\Controllers\Dashboard))
#2 /var/www/html/codeigniter4/system/CodeIgniter.php(318): CodeIgniter\CodeIgniter->handleRequest(NULL, Object(Config\Cache), false)
#3 /var/www/html/codeigniter4/public/index.php(37): CodeIgniter\CodeIgniter->run()
#4 {main}
ERROR - 2022-02-01 02:11:33 --> Unknown column 'js' in 'where clause'
CRITICAL - 2022-02-01 02:11:33 --> Call to a member function getResultArray() on bool
#0 /var/www/html/codeigniter4/system/CodeIgniter.php(824): App\Controllers\Dashboard->viewCategory('js', 'camera.js')
#1 /var/www/html/codeigniter4/system/CodeIgniter.php(410): CodeIgniter\CodeIgniter->runController(Object(App\Controllers\Dashboard))
#2 /var/www/html/codeigniter4/system/CodeIgniter.php(318): CodeIgniter\CodeIgniter->handleRequest(NULL, Object(Config\Cache), false)
#3 /var/www/html/codeigniter4/public/index.php(37): CodeIgniter\CodeIgniter->run()
#4 {main}
ERROR - 2022-02-01 02:11:33 --> Unknown column 'js' in 'where clause'
CRITICAL - 2022-02-01 02:11:33 --> Call to a member function getResultArray() on bool
#0 /var/www/html/codeigniter4/system/CodeIgniter.php(824): App\Controllers\Dashboard->viewCategory('js', 'sapphire.js')
#1 /var/www/html/codeigniter4/system/CodeIgniter.php(410): CodeIgniter\CodeIgniter->runController(Object(App\Controllers\Dashboard))
#2 /var/www/html/codeigniter4/system/CodeIgniter.php(318): CodeIgniter\CodeIgniter->handleRequest(NULL, Object(Config\Cache), false)
#3 /var/www/html/codeigniter4/public/index.php(37): CodeIgniter\CodeIgniter->run()
#4 {main}
ERROR - 2022-02-01 02:11:35 --> Unknown column 'css' in 'where clause'
ERROR - 2022-02-01 02:11:35 --> Unknown column 'image' in 'where clause'
CRITICAL - 2022-02-01 02:11:35 --> Call to a member function getResultArray() on bool
#0 /var/www/html/codeigniter4/system/CodeIgniter.php(824): App\Controllers\Dashboard->viewCategory('css', 'font-awesome.mi...')
#1 /var/www/html/codeigniter4/system/CodeIgniter.php(410): CodeIgniter\CodeIgniter->runController(Object(App\Controllers\Dashboard))
#2 /var/www/html/codeigniter4/system/CodeIgniter.php(318): CodeIgniter\CodeIgniter->handleRequest(NULL, Object(Config\Cache), false)
#3 /var/www/html/codeigniter4/public/index.php(37): CodeIgniter\CodeIgniter->run()
#4 {main}
CRITICAL - 2022-02-01 02:11:35 --> Call to a member function getResultArray() on bool
#0 /var/www/html/codeigniter4/system/CodeIgniter.php(824): App\Controllers\Dashboard->viewCategory('image', 'sub.jpg')
#1 /var/www/html/codeigniter4/system/CodeIgniter.php(410): CodeIgniter\CodeIgniter->runController(Object(App\Controllers\Dashboard))
#2 /var/www/html/codeigniter4/system/CodeIgniter.php(318): CodeIgniter\CodeIgniter->handleRequest(NULL, Object(Config\Cache), false)
#3 /var/www/html/codeigniter4/public/index.php(37): CodeIgniter\CodeIgniter->run()
#4 {main}
ERROR - 2022-02-01 02:11:36 --> Unknown column 'js' in 'where clause'
ERROR - 2022-02-01 02:11:36 --> Unknown column 'js' in 'where clause'
ERROR - 2022-02-01 02:11:36 --> Unknown column 'js' in 'where clause'
ERROR - 2022-02-01 02:11:36 --> Unknown column 'js' in 'where clause'
ERROR - 2022-02-01 02:11:36 --> Unknown column 'js' in 'where clause'
CRITICAL - 2022-02-01 02:11:36 --> Call to a member function getResultArray() on bool
#0 /var/www/html/codeigniter4/system/CodeIgniter.php(824): App\Controllers\Dashboard->viewCategory('js', 'bootstrap.min.j...')
#1 /var/www/html/codeigniter4/system/CodeIgniter.php(410): CodeIgniter\CodeIgniter->runController(Object(App\Controllers\Dashboard))
#2 /var/www/html/codeigniter4/system/CodeIgniter.php(318): CodeIgniter\CodeIgniter->handleRequest(NULL, Object(Config\Cache), false)
#3 /var/www/html/codeigniter4/public/index.php(37): CodeIgniter\CodeIgniter->run()
#4 {main}
CRITICAL - 2022-02-01 02:11:36 --> Call to a member function getResultArray() on bool
#0 /var/www/html/codeigniter4/system/CodeIgniter.php(824): App\Controllers\Dashboard->viewCategory('js', 'bootstrap-selec...')
#1 /var/www/html/codeigniter4/system/CodeIgniter.php(410): CodeIgniter\CodeIgniter->runController(Object(App\Controllers\Dashboard))
#2 /var/www/html/codeigniter4/system/CodeIgniter.php(318): CodeIgniter\CodeIgniter->handleRequest(NULL, Object(Config\Cache), false)
#3 /var/www/html/codeigniter4/public/index.php(37): CodeIgniter\CodeIgniter->run()
#4 {main}
CRITICAL - 2022-02-01 02:11:36 --> Call to a member function getResultArray() on bool
#0 /var/www/html/codeigniter4/system/CodeIgniter.php(824): App\Controllers\Dashboard->viewCategory('js', 'camera.js')
#1 /var/www/html/codeigniter4/system/CodeIgniter.php(410): CodeIgniter\CodeIgniter->runController(Object(App\Controllers\Dashboard))
#2 /var/www/html/codeigniter4/system/CodeIgniter.php(318): CodeIgniter\CodeIgniter->handleRequest(NULL, Object(Config\Cache), false)
#3 /var/www/html/codeigniter4/public/index.php(37): CodeIgniter\CodeIgniter->run()
#4 {main}
CRITICAL - 2022-02-01 02:11:36 --> Call to a member function getResultArray() on bool
#0 /var/www/html/codeigniter4/system/CodeIgniter.php(824): App\Controllers\Dashboard->viewCategory('js', 'jquery-1.10.2.m...')
#1 /var/www/html/codeigniter4/system/CodeIgniter.php(410): CodeIgniter\CodeIgniter->runController(Object(App\Controllers\Dashboard))
#2 /var/www/html/codeigniter4/system/CodeIgniter.php(318): CodeIgniter\CodeIgniter->handleRequest(NULL, Object(Config\Cache), false)
#3 /var/www/html/codeigniter4/public/index.php(37): CodeIgniter\CodeIgniter->run()
#4 {main}
CRITICAL - 2022-02-01 02:11:36 --> Call to a member function getResultArray() on bool
#0 /var/www/html/codeigniter4/system/CodeIgniter.php(824): App\Controllers\Dashboard->viewCategory('js', 'jquery.easing.1...')
#1 /var/www/html/codeigniter4/system/CodeIgniter.php(410): CodeIgniter\CodeIgniter->runController(Object(App\Controllers\Dashboard))
#2 /var/www/html/codeigniter4/system/CodeIgniter.php(318): CodeIgniter\CodeIgniter->handleRequest(NULL, Object(Config\Cache), false)
#3 /var/www/html/codeigniter4/public/index.php(37): CodeIgniter\CodeIgniter->run()
#4 {main}
ERROR - 2022-02-01 02:11:36 --> Unknown column 'js' in 'where clause'
CRITICAL - 2022-02-01 02:11:36 --> Call to a member function getResultArray() on bool
#0 /var/www/html/codeigniter4/system/CodeIgniter.php(824): App\Controllers\Dashboard->viewCategory('js', 'sapphire.js')
#1 /var/www/html/codeigniter4/system/CodeIgniter.php(410): CodeIgniter\CodeIgniter->runController(Object(App\Controllers\Dashboard))
#2 /var/www/html/codeigniter4/system/CodeIgniter.php(318): CodeIgniter\CodeIgniter->handleRequest(NULL, Object(Config\Cache), false)
#3 /var/www/html/codeigniter4/public/index.php(37): CodeIgniter\CodeIgniter->run()
#4 {main}
ERROR - 2022-02-01 02:11:36 --> Unknown column 'js' in 'where clause'
CRITICAL - 2022-02-01 02:11:36 --> Call to a member function getResultArray() on bool
#0 /var/www/html/codeigniter4/system/CodeIgniter.php(824): App\Controllers\Dashboard->viewCategory('js', 'bootstrap.min.j...')
#1 /var/www/html/codeigniter4/system/CodeIgniter.php(410): CodeIgniter\CodeIgniter->runController(Object(App\Controllers\Dashboard))
#2 /var/www/html/codeigniter4/system/CodeIgniter.php(318): CodeIgniter\CodeIgniter->handleRequest(NULL, Object(Config\Cache), false)
#3 /var/www/html/codeigniter4/public/index.php(37): CodeIgniter\CodeIgniter->run()
#4 {main}
ERROR - 2022-02-01 02:11:36 --> Unknown column 'js' in 'where clause'
CRITICAL - 2022-02-01 02:11:36 --> Call to a member function getResultArray() on bool
#0 /var/www/html/codeigniter4/system/CodeIgniter.php(824): App\Controllers\Dashboard->viewCategory('js', 'bootstrap-selec...')
#1 /var/www/html/codeigniter4/system/CodeIgniter.php(410): CodeIgniter\CodeIgniter->runController(Object(App\Controllers\Dashboard))
#2 /var/www/html/codeigniter4/system/CodeIgniter.php(318): CodeIgniter\CodeIgniter->handleRequest(NULL, Object(Config\Cache), false)
#3 /var/www/html/codeigniter4/public/index.php(37): CodeIgniter\CodeIgniter->run()
#4 {main}
ERROR - 2022-02-01 02:11:37 --> Unknown column 'js' in 'where clause'
CRITICAL - 2022-02-01 02:11:37 --> Call to a member function getResultArray() on bool
#0 /var/www/html/codeigniter4/system/CodeIgniter.php(824): App\Controllers\Dashboard->viewCategory('js', 'jquery.easing.1...')
#1 /var/www/html/codeigniter4/system/CodeIgniter.php(410): CodeIgniter\CodeIgniter->runController(Object(App\Controllers\Dashboard))
#2 /var/www/html/codeigniter4/system/CodeIgniter.php(318): CodeIgniter\CodeIgniter->handleRequest(NULL, Object(Config\Cache), false)
#3 /var/www/html/codeigniter4/public/index.php(37): CodeIgniter\CodeIgniter->run()
#4 {main}
ERROR - 2022-02-01 02:11:38 --> Unknown column 'js' in 'where clause'
CRITICAL - 2022-02-01 02:11:38 --> Call to a member function getResultArray() on bool
#0 /var/www/html/codeigniter4/system/CodeIgniter.php(824): App\Controllers\Dashboard->viewCategory('js', 'camera.js')
#1 /var/www/html/codeigniter4/system/CodeIgniter.php(410): CodeIgniter\CodeIgniter->runController(Object(App\Controllers\Dashboard))
#2 /var/www/html/codeigniter4/system/CodeIgniter.php(318): CodeIgniter\CodeIgniter->handleRequest(NULL, Object(Config\Cache), false)
#3 /var/www/html/codeigniter4/public/index.php(37): CodeIgniter\CodeIgniter->run()
#4 {main}
ERROR - 2022-02-01 02:11:38 --> Unknown column 'css' in 'where clause'
ERROR - 2022-02-01 02:11:38 --> Unknown column 'image' in 'where clause'
CRITICAL - 2022-02-01 02:11:38 --> Call to a member function getResultArray() on bool
#0 /var/www/html/codeigniter4/system/CodeIgniter.php(824): App\Controllers\Dashboard->viewCategory('css', 'font-awesome.mi...')
#1 /var/www/html/codeigniter4/system/CodeIgniter.php(410): CodeIgniter\CodeIgniter->runController(Object(App\Controllers\Dashboard))
#2 /var/www/html/codeigniter4/system/CodeIgniter.php(318): CodeIgniter\CodeIgniter->handleRequest(NULL, Object(Config\Cache), false)
#3 /var/www/html/codeigniter4/public/index.php(37): CodeIgniter\CodeIgniter->run()
#4 {main}
CRITICAL - 2022-02-01 02:11:38 --> Call to a member function getResultArray() on bool
#0 /var/www/html/codeigniter4/system/CodeIgniter.php(824): App\Controllers\Dashboard->viewCategory('image', 'sub.jpg')
#1 /var/www/html/codeigniter4/system/CodeIgniter.php(410): CodeIgniter\CodeIgniter->runController(Object(App\Controllers\Dashboard))
#2 /var/www/html/codeigniter4/system/CodeIgniter.php(318): CodeIgniter\CodeIgniter->handleRequest(NULL, Object(Config\Cache), false)
#3 /var/www/html/codeigniter4/public/index.php(37): CodeIgniter\CodeIgniter->run()
#4 {main}
ERROR - 2022-02-01 02:11:39 --> Unknown column 'js' in 'where clause'
ERROR - 2022-02-01 02:11:39 --> Unknown column 'js' in 'where clause'
ERROR - 2022-02-01 02:11:39 --> Unknown column 'js' in 'where clause'
ERROR - 2022-02-01 02:11:39 --> Unknown column 'js' in 'where clause'
ERROR - 2022-02-01 02:11:39 --> Unknown column 'js' in 'where clause'
ERROR - 2022-02-01 02:11:39 --> Unknown column 'js' in 'where clause'
CRITICAL - 2022-02-01 02:11:39 --> Call to a member function getResultArray() on bool
#0 /var/www/html/codeigniter4/system/CodeIgniter.php(824): App\Controllers\Dashboard->viewCategory('js', 'jquery.easing.1...')
#1 /var/www/html/codeigniter4/system/CodeIgniter.php(410): CodeIgniter\CodeIgniter->runController(Object(App\Controllers\Dashboard))
#2 /var/www/html/codeigniter4/system/CodeIgniter.php(318): CodeIgniter\CodeIgniter->handleRequest(NULL, Object(Config\Cache), false)
#3 /var/www/html/codeigniter4/public/index.php(37): CodeIgniter\CodeIgniter->run()
#4 {main}
CRITICAL - 2022-02-01 02:11:39 --> Call to a member function getResultArray() on bool
#0 /var/www/html/codeigniter4/system/CodeIgniter.php(824): App\Controllers\Dashboard->viewCategory('js', 'camera.js')
#1 /var/www/html/codeigniter4/system/CodeIgniter.php(410): CodeIgniter\CodeIgniter->runController(Object(App\Controllers\Dashboard))
#2 /var/www/html/codeigniter4/system/CodeIgniter.php(318): CodeIgniter\CodeIgniter->handleRequest(NULL, Object(Config\Cache), false)
#3 /var/www/html/codeigniter4/public/index.php(37): CodeIgniter\CodeIgniter->run()
#4 {main}
CRITICAL - 2022-02-01 02:11:39 --> Call to a member function getResultArray() on bool
#0 /var/www/html/codeigniter4/system/CodeIgniter.php(824): App\Controllers\Dashboard->viewCategory('js', 'bootstrap.min.j...')
#1 /var/www/html/codeigniter4/system/CodeIgniter.php(410): CodeIgniter\CodeIgniter->runController(Object(App\Controllers\Dashboard))
#2 /var/www/html/codeigniter4/system/CodeIgniter.php(318): CodeIgniter\CodeIgniter->handleRequest(NULL, Object(Config\Cache), false)
#3 /var/www/html/codeigniter4/public/index.php(37): CodeIgniter\CodeIgniter->run()
#4 {main}
CRITICAL - 2022-02-01 02:11:39 --> Call to a member function getResultArray() on bool
#0 /var/www/html/codeigniter4/system/CodeIgniter.php(824): App\Controllers\Dashboard->viewCategory('js', 'jquery-1.10.2.m...')
#1 /var/www/html/codeigniter4/system/CodeIgniter.php(410): CodeIgniter\CodeIgniter->runController(Object(App\Controllers\Dashboard))
#2 /var/www/html/codeigniter4/system/CodeIgniter.php(318): CodeIgniter\CodeIgniter->handleRequest(NULL, Object(Config\Cache), false)
#3 /var/www/html/codeigniter4/public/index.php(37): CodeIgniter\CodeIgniter->run()
#4 {main}
CRITICAL - 2022-02-01 02:11:39 --> Call to a member function getResultArray() on bool
#0 /var/www/html/codeigniter4/system/CodeIgniter.php(824): App\Controllers\Dashboard->viewCategory('js', 'bootstrap-selec...')
#1 /var/www/html/codeigniter4/system/CodeIgniter.php(410): CodeIgniter\CodeIgniter->runController(Object(App\Controllers\Dashboard))
#2 /var/www/html/codeigniter4/system/CodeIgniter.php(318): CodeIgniter\CodeIgniter->handleRequest(NULL, Object(Config\Cache), false)
#3 /var/www/html/codeigniter4/public/index.php(37): CodeIgniter\CodeIgniter->run()
#4 {main}
CRITICAL - 2022-02-01 02:11:39 --> Call to a member function getResultArray() on bool
#0 /var/www/html/codeigniter4/system/CodeIgniter.php(824): App\Controllers\Dashboard->viewCategory('js', 'sapphire.js')
#1 /var/www/html/codeigniter4/system/CodeIgniter.php(410): CodeIgniter\CodeIgniter->runController(Object(App\Controllers\Dashboard))
#2 /var/www/html/codeigniter4/system/CodeIgniter.php(318): CodeIgniter\CodeIgniter->handleRequest(NULL, Object(Config\Cache), false)
#3 /var/www/html/codeigniter4/public/index.php(37): CodeIgniter\CodeIgniter->run()
#4 {main}
ERROR - 2022-02-01 02:11:39 --> Unknown column 'js' in 'where clause'
CRITICAL - 2022-02-01 02:11:39 --> Call to a member function getResultArray() on bool
#0 /var/www/html/codeigniter4/system/CodeIgniter.php(824): App\Controllers\Dashboard->viewCategory('js', 'bootstrap.min.j...')
#1 /var/www/html/codeigniter4/system/CodeIgniter.php(410): CodeIgniter\CodeIgniter->runController(Object(App\Controllers\Dashboard))
#2 /var/www/html/codeigniter4/system/CodeIgniter.php(318): CodeIgniter\CodeIgniter->handleRequest(NULL, Object(Config\Cache), false)
#3 /var/www/html/codeigniter4/public/index.php(37): CodeIgniter\CodeIgniter->run()
#4 {main}
ERROR - 2022-02-01 02:11:40 --> Unknown column 'js' in 'where clause'
CRITICAL - 2022-02-01 02:11:40 --> Call to a member function getResultArray() on bool
#0 /var/www/html/codeigniter4/system/CodeIgniter.php(824): App\Controllers\Dashboard->viewCategory('js', 'bootstrap-selec...')
#1 /var/www/html/codeigniter4/system/CodeIgniter.php(410): CodeIgniter\CodeIgniter->runController(Object(App\Controllers\Dashboard))
#2 /var/www/html/codeigniter4/system/CodeIgniter.php(318): CodeIgniter\CodeIgniter->handleRequest(NULL, Object(Config\Cache), false)
#3 /var/www/html/codeigniter4/public/index.php(37): CodeIgniter\CodeIgniter->run()
#4 {main}
ERROR - 2022-02-01 02:11:41 --> Unknown column 'js' in 'where clause'
CRITICAL - 2022-02-01 02:11:41 --> Call to a member function getResultArray() on bool
#0 /var/www/html/codeigniter4/system/CodeIgniter.php(824): App\Controllers\Dashboard->viewCategory('js', 'jquery.easing.1...')
#1 /var/www/html/codeigniter4/system/CodeIgniter.php(410): CodeIgniter\CodeIgniter->runController(Object(App\Controllers\Dashboard))
#2 /var/www/html/codeigniter4/system/CodeIgniter.php(318): CodeIgniter\CodeIgniter->handleRequest(NULL, Object(Config\Cache), false)
#3 /var/www/html/codeigniter4/public/index.php(37): CodeIgniter\CodeIgniter->run()
#4 {main}
ERROR - 2022-02-01 02:11:41 --> Unknown column 'image' in 'where clause'
ERROR - 2022-02-01 02:11:41 --> Unknown column 'css' in 'where clause'
CRITICAL - 2022-02-01 02:11:41 --> Call to a member function getResultArray() on bool
#0 /var/www/html/codeigniter4/system/CodeIgniter.php(824): App\Controllers\Dashboard->viewCategory('image', 'sub.jpg')
#1 /var/www/html/codeigniter4/system/CodeIgniter.php(410): CodeIgniter\CodeIgniter->runController(Object(App\Controllers\Dashboard))
#2 /var/www/html/codeigniter4/system/CodeIgniter.php(318): CodeIgniter\CodeIgniter->handleRequest(NULL, Object(Config\Cache), false)
#3 /var/www/html/codeigniter4/public/index.php(37): CodeIgniter\CodeIgniter->run()
#4 {main}
CRITICAL - 2022-02-01 02:11:41 --> Call to a member function getResultArray() on bool
#0 /var/www/html/codeigniter4/system/CodeIgniter.php(824): App\Controllers\Dashboard->viewCategory('css', 'font-awesome.mi...')
#1 /var/www/html/codeigniter4/system/CodeIgniter.php(410): CodeIgniter\CodeIgniter->runController(Object(App\Controllers\Dashboard))
#2 /var/www/html/codeigniter4/system/CodeIgniter.php(318): CodeIgniter\CodeIgniter->handleRequest(NULL, Object(Config\Cache), false)
#3 /var/www/html/codeigniter4/public/index.php(37): CodeIgniter\CodeIgniter->run()
#4 {main}
ERROR - 2022-02-01 02:11:41 --> Unknown column 'js' in 'where clause'
ERROR - 2022-02-01 02:11:41 --> Unknown column 'js' in 'where clause'
ERROR - 2022-02-01 02:11:41 --> Unknown column 'js' in 'where clause'
ERROR - 2022-02-01 02:11:41 --> Unknown column 'js' in 'where clause'
ERROR - 2022-02-01 02:11:41 --> Unknown column 'js' in 'where clause'
ERROR - 2022-02-01 02:11:41 --> Unknown column 'js' in 'where clause'
CRITICAL - 2022-02-01 02:11:41 --> Call to a member function getResultArray() on bool
#0 /var/www/html/codeigniter4/system/CodeIgniter.php(824): App\Controllers\Dashboard->viewCategory('js', 'jquery.easing.1...')
#1 /var/www/html/codeigniter4/system/CodeIgniter.php(410): CodeIgniter\CodeIgniter->runController(Object(App\Controllers\Dashboard))
#2 /var/www/html/codeigniter4/system/CodeIgniter.php(318): CodeIgniter\CodeIgniter->handleRequest(NULL, Object(Config\Cache), false)
#3 /var/www/html/codeigniter4/public/index.php(37): CodeIgniter\CodeIgniter->run()
#4 {main}
CRITICAL - 2022-02-01 02:11:41 --> Call to a member function getResultArray() on bool
#0 /var/www/html/codeigniter4/system/CodeIgniter.php(824): App\Controllers\Dashboard->viewCategory('js', 'jquery-1.10.2.m...')
#1 /var/www/html/codeigniter4/system/CodeIgniter.php(410): CodeIgniter\CodeIgniter->runController(Object(App\Controllers\Dashboard))
#2 /var/www/html/codeigniter4/system/CodeIgniter.php(318): CodeIgniter\CodeIgniter->handleRequest(NULL, Object(Config\Cache), false)
#3 /var/www/html/codeigniter4/public/index.php(37): CodeIgniter\CodeIgniter->run()
#4 {main}
CRITICAL - 2022-02-01 02:11:41 --> Call to a member function getResultArray() on bool
#0 /var/www/html/codeigniter4/system/CodeIgniter.php(824): App\Controllers\Dashboard->viewCategory('js', 'bootstrap-selec...')
#1 /var/www/html/codeigniter4/system/CodeIgniter.php(410): CodeIgniter\CodeIgniter->runController(Object(App\Controllers\Dashboard))
#2 /var/www/html/codeigniter4/system/CodeIgniter.php(318): CodeIgniter\CodeIgniter->handleRequest(NULL, Object(Config\Cache), false)
#3 /var/www/html/codeigniter4/public/index.php(37): CodeIgniter\CodeIgniter->run()
#4 {main}
CRITICAL - 2022-02-01 02:11:41 --> Call to a member function getResultArray() on bool
#0 /var/www/html/codeigniter4/system/CodeIgniter.php(824): App\Controllers\Dashboard->viewCategory('js', 'camera.js')
#1 /var/www/html/codeigniter4/system/CodeIgniter.php(410): CodeIgniter\CodeIgniter->runController(Object(App\Controllers\Dashboard))
#2 /var/www/html/codeigniter4/system/CodeIgniter.php(318): CodeIgniter\CodeIgniter->handleRequest(NULL, Object(Config\Cache), false)
#3 /var/www/html/codeigniter4/public/index.php(37): CodeIgniter\CodeIgniter->run()
#4 {main}
CRITICAL - 2022-02-01 02:11:41 --> Call to a member function getResultArray() on bool
#0 /var/www/html/codeigniter4/system/CodeIgniter.php(824): App\Controllers\Dashboard->viewCategory('js', 'bootstrap.min.j...')
#1 /var/www/html/codeigniter4/system/CodeIgniter.php(410): CodeIgniter\CodeIgniter->runController(Object(App\Controllers\Dashboard))
#2 /var/www/html/codeigniter4/system/CodeIgniter.php(318): CodeIgniter\CodeIgniter->handleRequest(NULL, Object(Config\Cache), false)
#3 /var/www/html/codeigniter4/public/index.php(37): CodeIgniter\CodeIgniter->run()
#4 {main}
CRITICAL - 2022-02-01 02:11:41 --> Call to a member function getResultArray() on bool
#0 /var/www/html/codeigniter4/system/CodeIgniter.php(824): App\Controllers\Dashboard->viewCategory('js', 'sapphire.js')
#1 /var/www/html/codeigniter4/system/CodeIgniter.php(410): CodeIgniter\CodeIgniter->runController(Object(App\Controllers\Dashboard))
#2 /var/www/html/codeigniter4/system/CodeIgniter.php(318): CodeIgniter\CodeIgniter->handleRequest(NULL, Object(Config\Cache), false)
#3 /var/www/html/codeigniter4/public/index.php(37): CodeIgniter\CodeIgniter->run()
#4 {main}
ERROR - 2022-02-01 02:11:42 --> Unknown column 'js' in 'where clause'
CRITICAL - 2022-02-01 02:11:42 --> Call to a member function getResultArray() on bool
#0 /var/www/html/codeigniter4/system/CodeIgniter.php(824): App\Controllers\Dashboard->viewCategory('js', 'bootstrap-selec...')
#1 /var/www/html/codeigniter4/system/CodeIgniter.php(410): CodeIgniter\CodeIgniter->runController(Object(App\Controllers\Dashboard))
#2 /var/www/html/codeigniter4/system/CodeIgniter.php(318): CodeIgniter\CodeIgniter->handleRequest(NULL, Object(Config\Cache), false)
#3 /var/www/html/codeigniter4/public/index.php(37): CodeIgniter\CodeIgniter->run()
#4 {main}
ERROR - 2022-02-01 02:11:42 --> Unknown column 'js' in 'where clause'
CRITICAL - 2022-02-01 02:11:42 --> Call to a member function getResultArray() on bool
#0 /var/www/html/codeigniter4/system/CodeIgniter.php(824): App\Controllers\Dashboard->viewCategory('js', 'jquery.easing.1...')
#1 /var/www/html/codeigniter4/system/CodeIgniter.php(410): CodeIgniter\CodeIgniter->runController(Object(App\Controllers\Dashboard))
#2 /var/www/html/codeigniter4/system/CodeIgniter.php(318): CodeIgniter\CodeIgniter->handleRequest(NULL, Object(Config\Cache), false)
#3 /var/www/html/codeigniter4/public/index.php(37): CodeIgniter\CodeIgniter->run()
#4 {main}
ERROR - 2022-02-01 02:11:43 --> Unknown column 'image' in 'where clause'
ERROR - 2022-02-01 02:11:43 --> Unknown column 'css' in 'where clause'
CRITICAL - 2022-02-01 02:11:43 --> Call to a member function getResultArray() on bool
#0 /var/www/html/codeigniter4/system/CodeIgniter.php(824): App\Controllers\Dashboard->viewCategory('image', 'sub.jpg')
#1 /var/www/html/codeigniter4/system/CodeIgniter.php(410): CodeIgniter\CodeIgniter->runController(Object(App\Controllers\Dashboard))
#2 /var/www/html/codeigniter4/system/CodeIgniter.php(318): CodeIgniter\CodeIgniter->handleRequest(NULL, Object(Config\Cache), false)
#3 /var/www/html/codeigniter4/public/index.php(37): CodeIgniter\CodeIgniter->run()
#4 {main}
CRITICAL - 2022-02-01 02:11:43 --> Call to a member function getResultArray() on bool
#0 /var/www/html/codeigniter4/system/CodeIgniter.php(824): App\Controllers\Dashboard->viewCategory('css', 'font-awesome.mi...')
#1 /var/www/html/codeigniter4/system/CodeIgniter.php(410): CodeIgniter\CodeIgniter->runController(Object(App\Controllers\Dashboard))
#2 /var/www/html/codeigniter4/system/CodeIgniter.php(318): CodeIgniter\CodeIgniter->handleRequest(NULL, Object(Config\Cache), false)
#3 /var/www/html/codeigniter4/public/index.php(37): CodeIgniter\CodeIgniter->run()
#4 {main}
ERROR - 2022-02-01 02:11:43 --> Unknown column 'js' in 'where clause'
ERROR - 2022-02-01 02:11:43 --> Unknown column 'js' in 'where clause'
ERROR - 2022-02-01 02:11:43 --> Unknown column 'js' in 'where clause'
ERROR - 2022-02-01 02:11:43 --> Unknown column 'js' in 'where clause'
ERROR - 2022-02-01 02:11:43 --> Unknown column 'js' in 'where clause'
CRITICAL - 2022-02-01 02:11:43 --> Call to a member function getResultArray() on bool
#0 /var/www/html/codeigniter4/system/CodeIgniter.php(824): App\Controllers\Dashboard->viewCategory('js', 'bootstrap-selec...')
#1 /var/www/html/codeigniter4/system/CodeIgniter.php(410): CodeIgniter\CodeIgniter->runController(Object(App\Controllers\Dashboard))
#2 /var/www/html/codeigniter4/system/CodeIgniter.php(318): CodeIgniter\CodeIgniter->handleRequest(NULL, Object(Config\Cache), false)
#3 /var/www/html/codeigniter4/public/index.php(37): CodeIgniter\CodeIgniter->run()
#4 {main}
CRITICAL - 2022-02-01 02:11:43 --> Call to a member function getResultArray() on bool
#0 /var/www/html/codeigniter4/system/CodeIgniter.php(824): App\Controllers\Dashboard->viewCategory('js', 'jquery.easing.1...')
#1 /var/www/html/codeigniter4/system/CodeIgniter.php(410): CodeIgniter\CodeIgniter->runController(Object(App\Controllers\Dashboard))
#2 /var/www/html/codeigniter4/system/CodeIgniter.php(318): CodeIgniter\CodeIgniter->handleRequest(NULL, Object(Config\Cache), false)
#3 /var/www/html/codeigniter4/public/index.php(37): CodeIgniter\CodeIgniter->run()
#4 {main}
CRITICAL - 2022-02-01 02:11:43 --> Call to a member function getResultArray() on bool
#0 /var/www/html/codeigniter4/system/CodeIgniter.php(824): App\Controllers\Dashboard->viewCategory('js', 'jquery-1.10.2.m...')
#1 /var/www/html/codeigniter4/system/CodeIgniter.php(410): CodeIgniter\CodeIgniter->runController(Object(App\Controllers\Dashboard))
#2 /var/www/html/codeigniter4/system/CodeIgniter.php(318): CodeIgniter\CodeIgniter->handleRequest(NULL, Object(Config\Cache), false)
#3 /var/www/html/codeigniter4/public/index.php(37): CodeIgniter\CodeIgniter->run()
#4 {main}
CRITICAL - 2022-02-01 02:11:43 --> Call to a member function getResultArray() on bool
#0 /var/www/html/codeigniter4/system/CodeIgniter.php(824): App\Controllers\Dashboard->viewCategory('js', 'bootstrap.min.j...')
#1 /var/www/html/codeigniter4/system/CodeIgniter.php(410): CodeIgniter\CodeIgniter->runController(Object(App\Controllers\Dashboard))
#2 /var/www/html/codeigniter4/system/CodeIgniter.php(318): CodeIgniter\CodeIgniter->handleRequest(NULL, Object(Config\Cache), false)
#3 /var/www/html/codeigniter4/public/index.php(37): CodeIgniter\CodeIgniter->run()
#4 {main}
CRITICAL - 2022-02-01 02:11:43 --> Call to a member function getResultArray() on bool
#0 /var/www/html/codeigniter4/system/CodeIgniter.php(824): App\Controllers\Dashboard->viewCategory('js', 'sapphire.js')
#1 /var/www/html/codeigniter4/system/CodeIgniter.php(410): CodeIgniter\CodeIgniter->runController(Object(App\Controllers\Dashboard))
#2 /var/www/html/codeigniter4/system/CodeIgniter.php(318): CodeIgniter\CodeIgniter->handleRequest(NULL, Object(Config\Cache), false)
#3 /var/www/html/codeigniter4/public/index.php(37): CodeIgniter\CodeIgniter->run()
#4 {main}
ERROR - 2022-02-01 02:11:43 --> Unknown column 'js' in 'where clause'
CRITICAL - 2022-02-01 02:11:43 --> Call to a member function getResultArray() on bool
#0 /var/www/html/codeigniter4/system/CodeIgniter.php(824): App\Controllers\Dashboard->viewCategory('js', 'camera.js')
#1 /var/www/html/codeigniter4/system/CodeIgniter.php(410): CodeIgniter\CodeIgniter->runController(Object(App\Controllers\Dashboard))
#2 /var/www/html/codeigniter4/system/CodeIgniter.php(318): CodeIgniter\CodeIgniter->handleRequest(NULL, Object(Config\Cache), false)
#3 /var/www/html/codeigniter4/public/index.php(37): CodeIgniter\CodeIgniter->run()
#4 {main}
ERROR - 2022-02-01 02:11:43 --> Unknown column 'js' in 'where clause'
CRITICAL - 2022-02-01 02:11:43 --> Call to a member function getResultArray() on bool
#0 /var/www/html/codeigniter4/system/CodeIgniter.php(824): App\Controllers\Dashboard->viewCategory('js', 'bootstrap-selec...')
#1 /var/www/html/codeigniter4/system/CodeIgniter.php(410): CodeIgniter\CodeIgniter->runController(Object(App\Controllers\Dashboard))
#2 /var/www/html/codeigniter4/system/CodeIgniter.php(318): CodeIgniter\CodeIgniter->handleRequest(NULL, Object(Config\Cache), false)
#3 /var/www/html/codeigniter4/public/index.php(37): CodeIgniter\CodeIgniter->run()
#4 {main}
ERROR - 2022-02-01 02:11:44 --> Unknown column 'js' in 'where clause'
CRITICAL - 2022-02-01 02:11:44 --> Call to a member function getResultArray() on bool
#0 /var/www/html/codeigniter4/system/CodeIgniter.php(824): App\Controllers\Dashboard->viewCategory('js', 'jquery.easing.1...')
#1 /var/www/html/codeigniter4/system/CodeIgniter.php(410): CodeIgniter\CodeIgniter->runController(Object(App\Controllers\Dashboard))
#2 /var/www/html/codeigniter4/system/CodeIgniter.php(318): CodeIgniter\CodeIgniter->handleRequest(NULL, Object(Config\Cache), false)
#3 /var/www/html/codeigniter4/public/index.php(37): CodeIgniter\CodeIgniter->run()
#4 {main}
ERROR - 2022-02-01 02:11:44 --> Unknown column 'js' in 'where clause'
CRITICAL - 2022-02-01 02:11:44 --> Call to a member function getResultArray() on bool
#0 /var/www/html/codeigniter4/system/CodeIgniter.php(824): App\Controllers\Dashboard->viewCategory('js', 'camera.js')
#1 /var/www/html/codeigniter4/system/CodeIgniter.php(410): CodeIgniter\CodeIgniter->runController(Object(App\Controllers\Dashboard))
#2 /var/www/html/codeigniter4/system/CodeIgniter.php(318): CodeIgniter\CodeIgniter->handleRequest(NULL, Object(Config\Cache), false)
#3 /var/www/html/codeigniter4/public/index.php(37): CodeIgniter\CodeIgniter->run()
#4 {main}
ERROR - 2022-02-01 02:11:45 --> Unknown column 'js' in 'where clause'
CRITICAL - 2022-02-01 02:11:45 --> Call to a member function getResultArray() on bool
#0 /var/www/html/codeigniter4/system/CodeIgniter.php(824): App\Controllers\Dashboard->viewCategory('js', 'sapphire.js')
#1 /var/www/html/codeigniter4/system/CodeIgniter.php(410): CodeIgniter\CodeIgniter->runController(Object(App\Controllers\Dashboard))
#2 /var/www/html/codeigniter4/system/CodeIgniter.php(318): CodeIgniter\CodeIgniter->handleRequest(NULL, Object(Config\Cache), false)
#3 /var/www/html/codeigniter4/public/index.php(37): CodeIgniter\CodeIgniter->run()
#4 {main}
ERROR - 2022-02-01 02:11:46 --> Unknown column 'css' in 'where clause'
ERROR - 2022-02-01 02:11:46 --> Unknown column 'image' in 'where clause'
CRITICAL - 2022-02-01 02:11:46 --> Call to a member function getResultArray() on bool
#0 /var/www/html/codeigniter4/system/CodeIgniter.php(824): App\Controllers\Dashboard->viewCategory('css', 'font-awesome.mi...')
#1 /var/www/html/codeigniter4/system/CodeIgniter.php(410): CodeIgniter\CodeIgniter->runController(Object(App\Controllers\Dashboard))
#2 /var/www/html/codeigniter4/system/CodeIgniter.php(318): CodeIgniter\CodeIgniter->handleRequest(NULL, Object(Config\Cache), false)
#3 /var/www/html/codeigniter4/public/index.php(37): CodeIgniter\CodeIgniter->run()
#4 {main}
CRITICAL - 2022-02-01 02:11:46 --> Call to a member function getResultArray() on bool
#0 /var/www/html/codeigniter4/system/CodeIgniter.php(824): App\Controllers\Dashboard->viewCategory('image', 'sub.jpg')
#1 /var/www/html/codeigniter4/system/CodeIgniter.php(410): CodeIgniter\CodeIgniter->runController(Object(App\Controllers\Dashboard))
#2 /var/www/html/codeigniter4/system/CodeIgniter.php(318): CodeIgniter\CodeIgniter->handleRequest(NULL, Object(Config\Cache), false)
#3 /var/www/html/codeigniter4/public/index.php(37): CodeIgniter\CodeIgniter->run()
#4 {main}
ERROR - 2022-02-01 02:11:47 --> Unknown column 'js' in 'where clause'
ERROR - 2022-02-01 02:11:47 --> Unknown column 'js' in 'where clause'
ERROR - 2022-02-01 02:11:47 --> Unknown column 'js' in 'where clause'
ERROR - 2022-02-01 02:11:47 --> Unknown column 'js' in 'where clause'
ERROR - 2022-02-01 02:11:47 --> Unknown column 'js' in 'where clause'
ERROR - 2022-02-01 02:11:47 --> Unknown column 'js' in 'where clause'
CRITICAL - 2022-02-01 02:11:47 --> Call to a member function getResultArray() on bool
#0 /var/www/html/codeigniter4/system/CodeIgniter.php(824): App\Controllers\Dashboard->viewCategory('js', 'camera.js')
#1 /var/www/html/codeigniter4/system/CodeIgniter.php(410): CodeIgniter\CodeIgniter->runController(Object(App\Controllers\Dashboard))
#2 /var/www/html/codeigniter4/system/CodeIgniter.php(318): CodeIgniter\CodeIgniter->handleRequest(NULL, Object(Config\Cache), false)
#3 /var/www/html/codeigniter4/public/index.php(37): CodeIgniter\CodeIgniter->run()
#4 {main}
CRITICAL - 2022-02-01 02:11:47 --> Call to a member function getResultArray() on bool
#0 /var/www/html/codeigniter4/system/CodeIgniter.php(824): App\Controllers\Dashboard->viewCategory('js', 'bootstrap.min.j...')
#1 /var/www/html/codeigniter4/system/CodeIgniter.php(410): CodeIgniter\CodeIgniter->runController(Object(App\Controllers\Dashboard))
#2 /var/www/html/codeigniter4/system/CodeIgniter.php(318): CodeIgniter\CodeIgniter->handleRequest(NULL, Object(Config\Cache), false)
#3 /var/www/html/codeigniter4/public/index.php(37): CodeIgniter\CodeIgniter->run()
#4 {main}
CRITICAL - 2022-02-01 02:11:47 --> Call to a member function getResultArray() on bool
#0 /var/www/html/codeigniter4/system/CodeIgniter.php(824): App\Controllers\Dashboard->viewCategory('js', 'bootstrap-selec...')
#1 /var/www/html/codeigniter4/system/CodeIgniter.php(410): CodeIgniter\CodeIgniter->runController(Object(App\Controllers\Dashboard))
#2 /var/www/html/codeigniter4/system/CodeIgniter.php(318): CodeIgniter\CodeIgniter->handleRequest(NULL, Object(Config\Cache), false)
#3 /var/www/html/codeigniter4/public/index.php(37): CodeIgniter\CodeIgniter->run()
#4 {main}
CRITICAL - 2022-02-01 02:11:47 --> Call to a member function getResultArray() on bool
#0 /var/www/html/codeigniter4/system/CodeIgniter.php(824): App\Controllers\Dashboard->viewCategory('js', 'sapphire.js')
#1 /var/www/html/codeigniter4/system/CodeIgniter.php(410): CodeIgniter\CodeIgniter->runController(Object(App\Controllers\Dashboard))
#2 /var/www/html/codeigniter4/system/CodeIgniter.php(318): CodeIgniter\CodeIgniter->handleRequest(NULL, Object(Config\Cache), false)
#3 /var/www/html/codeigniter4/public/index.php(37): CodeIgniter\CodeIgniter->run()
#4 {main}
CRITICAL - 2022-02-01 02:11:47 --> Call to a member function getResultArray() on bool
#0 /var/www/html/codeigniter4/system/CodeIgniter.php(824): App\Controllers\Dashboard->viewCategory('js', 'jquery.easing.1...')
#1 /var/www/html/codeigniter4/system/CodeIgniter.php(410): CodeIgniter\CodeIgniter->runController(Object(App\Controllers\Dashboard))
#2 /var/www/html/codeigniter4/system/CodeIgniter.php(318): CodeIgniter\CodeIgniter->handleRequest(NULL, Object(Config\Cache), false)
#3 /var/www/html/codeigniter4/public/index.php(37): CodeIgniter\CodeIgniter->run()
#4 {main}
CRITICAL - 2022-02-01 02:11:47 --> Call to a member function getResultArray() on bool
#0 /var/www/html/codeigniter4/system/CodeIgniter.php(824): App\Controllers\Dashboard->viewCategory('js', 'jquery-1.10.2.m...')
#1 /var/www/html/codeigniter4/system/CodeIgniter.php(410): CodeIgniter\CodeIgniter->runController(Object(App\Controllers\Dashboard))
#2 /var/www/html/codeigniter4/system/CodeIgniter.php(318): CodeIgniter\CodeIgniter->handleRequest(NULL, Object(Config\Cache), false)
#3 /var/www/html/codeigniter4/public/index.php(37): CodeIgniter\CodeIgniter->run()
#4 {main}
ERROR - 2022-02-01 02:11:47 --> Unknown column 'js' in 'where clause'
CRITICAL - 2022-02-01 02:11:47 --> Call to a member function getResultArray() on bool
#0 /var/www/html/codeigniter4/system/CodeIgniter.php(824): App\Controllers\Dashboard->viewCategory('js', 'bootstrap.min.j...')
#1 /var/www/html/codeigniter4/system/CodeIgniter.php(410): CodeIgniter\CodeIgniter->runController(Object(App\Controllers\Dashboard))
#2 /var/www/html/codeigniter4/system/CodeIgniter.php(318): CodeIgniter\CodeIgniter->handleRequest(NULL, Object(Config\Cache), false)
#3 /var/www/html/codeigniter4/public/index.php(37): CodeIgniter\CodeIgniter->run()
#4 {main}
ERROR - 2022-02-01 02:11:47 --> Unknown column 'js' in 'where clause'
CRITICAL - 2022-02-01 02:11:47 --> Call to a member function getResultArray() on bool
#0 /var/www/html/codeigniter4/system/CodeIgniter.php(824): App\Controllers\Dashboard->viewCategory('js', 'bootstrap-selec...')
#1 /var/www/html/codeigniter4/system/CodeIgniter.php(410): CodeIgniter\CodeIgniter->runController(Object(App\Controllers\Dashboard))
#2 /var/www/html/codeigniter4/system/CodeIgniter.php(318): CodeIgniter\CodeIgniter->handleRequest(NULL, Object(Config\Cache), false)
#3 /var/www/html/codeigniter4/public/index.php(37): CodeIgniter\CodeIgniter->run()
#4 {main}
ERROR - 2022-02-01 02:11:48 --> Unknown column 'js' in 'where clause'
CRITICAL - 2022-02-01 02:11:48 --> Call to a member function getResultArray() on bool
#0 /var/www/html/codeigniter4/system/CodeIgniter.php(824): App\Controllers\Dashboard->viewCategory('js', 'jquery.easing.1...')
#1 /var/www/html/codeigniter4/system/CodeIgniter.php(410): CodeIgniter\CodeIgniter->runController(Object(App\Controllers\Dashboard))
#2 /var/www/html/codeigniter4/system/CodeIgniter.php(318): CodeIgniter\CodeIgniter->handleRequest(NULL, Object(Config\Cache), false)
#3 /var/www/html/codeigniter4/public/index.php(37): CodeIgniter\CodeIgniter->run()
#4 {main}
ERROR - 2022-02-01 02:11:48 --> Unknown column 'js' in 'where clause'
CRITICAL - 2022-02-01 02:11:48 --> Call to a member function getResultArray() on bool
#0 /var/www/html/codeigniter4/system/CodeIgniter.php(824): App\Controllers\Dashboard->viewCategory('js', 'camera.js')
#1 /var/www/html/codeigniter4/system/CodeIgniter.php(410): CodeIgniter\CodeIgniter->runController(Object(App\Controllers\Dashboard))
#2 /var/www/html/codeigniter4/system/CodeIgniter.php(318): CodeIgniter\CodeIgniter->handleRequest(NULL, Object(Config\Cache), false)
#3 /var/www/html/codeigniter4/public/index.php(37): CodeIgniter\CodeIgniter->run()
#4 {main}
ERROR - 2022-02-01 02:11:49 --> Unknown column 'js' in 'where clause'
CRITICAL - 2022-02-01 02:11:49 --> Call to a member function getResultArray() on bool
#0 /var/www/html/codeigniter4/system/CodeIgniter.php(824): App\Controllers\Dashboard->viewCategory('js', 'sapphire.js')
#1 /var/www/html/codeigniter4/system/CodeIgniter.php(410): CodeIgniter\CodeIgniter->runController(Object(App\Controllers\Dashboard))
#2 /var/www/html/codeigniter4/system/CodeIgniter.php(318): CodeIgniter\CodeIgniter->handleRequest(NULL, Object(Config\Cache), false)
#3 /var/www/html/codeigniter4/public/index.php(37): CodeIgniter\CodeIgniter->run()
#4 {main}
